[2024-03-08T19:38:02Z TRACE z_serial] Read 3 bytes COBS [10, FE, 00]
[2024-03-08T19:38:02Z ERROR zenoh_link_serial::unicast] Read error on Serial link serial//dev/ttyUSB1 => serial/2e50c4d9-dca4-46af-bcb6-7cdec5098973: Unable COBS decode: () at io/zenoh-links/zenoh-link-serial/src/unicast.rs:150.
[2024-03-08T19:38:02Z TRACE z_serial] Read 67 bytes COBS [02, 3B, 40, 05, C9, 25, DD, 01, 21, 0D, 01, 32, 5B, 20, 20, 20, 34, 38, 30, 38, 5D, 20, 68, 65, 61, 70, 3D, 32, 37, 34, 33, 34, 38, 20, 5B, 45, 53, 50, 49, 44, 46, 5D, 7B, 45, 53, 50, 33, 32, 7D, 20, 20, 5A, 65, 6E, 6F, 68, 2D, 50, 69, 63, 6F, 21, 50, 0C, C8, FF, 00]
[2024-03-08T19:38:02Z TRACE z_serial] Frame after COBS encoding [3B, 00, 05, C9, 25, DD, 01, 21, 0D, 01, 32, 5B, 20, 20, 20, 34, 38, 30, 38, 5D, 20, 68, 65, 61, 70, 3D, 32, 37, 34, 33, 34, 38, 20, 5B, 45, 53, 50, 49, 44, 46, 5D, 7B, 45, 53, 50, 33, 32, 7D, 20, 20, 5A, 65, 6E, 6F, 68, 2D, 50, 69, 63, 6F, 21, 50, 0C, C8, FF]
[2024-03-08T19:38:02Z TRACE z_serial] Received CRC FFC80C50  Computed CRC FFC80C50
[2024-03-08T19:38:02Z DEBUG zenoh_transport::unicast::establishment::accept] Received invalid message instead of an InitSyn on serial//dev/ttyUSB1 => serial/2e50c4d9-dca4-46af-bcb6-7cdec5098973: Frame(Frame { reliability: BestEffort, sn: 4809, ext_qos: QoSType { inner: 5 }, payload: [NetworkMessage { body: Push(Push { wire_expr: 1:Sender:, ext_qos: QoS { priority: Data, congestion: Block, express: false }, ext_tstamp: None, ext_nodeid: NodeIdType { node_id: 0 }, payload: Put(Put { timestamp: None, encoding: Exact(Empty), ext_sinfo: None, ext_attachment: None, ext_unknown: [], payload: ZBuf { slices: [[5b, 20, 20, 20, 34, 38, 30, 38, 5d, 20, 68, 65, 61, 70, 3d, 32, 37, 34, 33, 34, 38, 20, 5b, 45, 53, 50, 49, 44, 46, 5d, 7b, 45, 53, 50, 33, 32, 7d, 20, 20, 5a, 65, 6e, 6f, 68, 2d, 50, 69, 63, 6f, 21]] } }) }) }] }) at io/zenoh-transport/src/unicast/establishment/accept.rs:158.
[2024-03-08T19:38:02Z TRACE z_serial] Frame before COBS encoding [02, 00, 03, 02, AD, 01, BF, FD]
[2024-03-08T19:38:02Z TRACE z_serial] Wrote 10bytes COBS [02, 02, 07, 03, 02, AD, 01, BF, FD, 00]
[2024-03-08T19:38:02Z TRACE zenoh_link_serial::unicast] Closing Serial link: serial//dev/ttyUSB1 => serial/2e50c4d9-dca4-46af-bcb6-7cdec5098973
[2024-03-08T19:38:02Z TRACE zenoh_link_serial::unicast] Creating serial link from "/dev/ttyUSB1"
[2024-03-08T19:38:02Z TRACE zenoh_transport::unicast::manager] Accepting link... serial//dev/ttyUSB1 => serial/2e50c4d9-dca4-46af-bcb6-7cdec5098973
[2024-03-08T19:38:02Z TRACE z_serial] Read 32 bytes COBS [45, 53, 50, 49, 44, 46, 5D, 7B, 45, 53, 50, 33, 32, 7D, 20, 20, 5A, 65, 6E, 6F, 68, 2D, 50, 69, 63, 6F, 21, AA, DB, 55, FB, 00]
[2024-03-08T19:38:02Z ERROR zenoh_link_serial::unicast] Read error on Serial link serial//dev/ttyUSB1 => serial/2e50c4d9-dca4-46af-bcb6-7cdec5098973: Unable COBS decode: () at io/zenoh-links/zenoh-link-serial/src/unicast.rs:150.
[2024-03-08T19:38:02Z TRACE z_serial] Read 67 bytes COBS [02, 3B, 40, 05, DC, 25, DD, 01, 21, 0D, 01, 32, 5B, 20, 20, 20, 34, 38, 32, 37, 5D, 20, 68, 65, 61, 70, 3D, 32, 37, 34, 33, 34, 38, 20, 5B, 45, 53, 50, 49, 44, 46, 5D, 7B, 45, 53, 50, 33, 32, 7D, 20, 20, 5A, 65, 6E, 6F, 68, 2D, 50, 69, 63, 6F, 21, D4, 3F, AC, FD, 00]
[2024-03-08T19:38:02Z TRACE z_serial] Frame after COBS encoding [3B, 00, 05, DC, 25, DD, 01, 21, 0D, 01, 32, 5B, 20, 20, 20, 34, 38, 32, 37, 5D, 20, 68, 65, 61, 70, 3D, 32, 37, 34, 33, 34, 38, 20, 5B, 45, 53, 50, 49, 44, 46, 5D, 7B, 45, 53, 50, 33, 32, 7D, 20, 20, 5A, 65, 6E, 6F, 68, 2D, 50, 69, 63, 6F, 21, D4, 3F, AC, FD]
[2024-03-08T19:38:02Z TRACE z_serial] Received CRC FDAC3FD4  Computed CRC FDAC3FD4
[2024-03-08T19:38:02Z DEBUG zenoh_transport::unicast::establishment::accept] Received invalid message instead of an InitSyn on serial//dev/ttyUSB1 => serial/2e50c4d9-dca4-46af-bcb6-7cdec5098973: Frame(Frame { reliability: BestEffort, sn: 4828, ext_qos: QoSType { inner: 5 }, payload: [NetworkMessage { body: Push(Push { wire_expr: 1:Sender:, ext_qos: QoS { priority: Data, congestion: Block, express: false }, ext_tstamp: None, ext_nodeid: NodeIdType { node_id: 0 }, payload: Put(Put { timestamp: None, encoding: Exact(Empty), ext_sinfo: None, ext_attachment: None, ext_unknown: [], payload: ZBuf { slices: [[5b, 20, 20, 20, 34, 38, 32, 37, 5d, 20, 68, 65, 61, 70, 3d, 32, 37, 34, 33, 34, 38, 20, 5b, 45, 53, 50, 49, 44, 46, 5d, 7b, 45, 53, 50, 33, 32, 7d, 20, 20, 5a, 65, 6e, 6f, 68, 2d, 50, 69, 63, 6f, 21]] } }) }) }] }) at io/zenoh-transport/src/unicast/establishment/accept.rs:158.
[2024-03-08T19:38:02Z TRACE z_serial] Frame before COBS encoding [02, 00, 03, 02, AD, 01, BF, FD]
[2024-03-08T19:38:02Z TRACE z_serial] Wrote 10bytes COBS [02, 02, 07, 03, 02, AD, 01, BF, FD, 00]
[2024-03-08T19:38:02Z TRACE zenoh_link_serial::unicast] Closing Serial link: serial//dev/ttyUSB1 => serial/2e50c4d9-dca4-46af-bcb6-7cdec5098973
[2024-03-08T19:38:02Z TRACE zenoh_link_serial::unicast] Creating serial link from "/dev/ttyUSB1"
[2024-03-08T19:38:02Z TRACE zenoh_transport::unicast::manager] Accepting link... serial//dev/ttyUSB1 => serial/2e50c4d9-dca4-46af-bcb6-7cdec5098973
[2024-03-08T19:38:02Z TRACE z_serial] Read 49 bytes COBS [34, 35, 5D, 20, 68, 65, 61, 70, 3D, 32, 37, 34, 33, 34, 38, 20, 5B, 45, 53, 50, 49, 44, 46, 5D, 7B, 45, 53, 50, 33, 32, 7D, 20, 20, 5A, 65, 6E, 6F, 68, 2D, 50, 69, 63, 6F, 21, 16, A5, 18, FD, 00]
[2024-03-08T19:38:02Z ERROR zenoh_link_serial::unicast] Read error on Serial link serial//dev/ttyUSB1 => serial/2e50c4d9-dca4-46af-bcb6-7cdec5098973: Unable COBS decode: () at io/zenoh-links/zenoh-link-serial/src/unicast.rs:150.
[2024-03-08T19:38:02Z TRACE z_serial] Read 67 bytes COBS [02, 3B, 40, 05, EF, 25, DD, 01, 21, 0D, 01, 32, 5B, 20, 20, 20, 34, 38, 34, 36, 5D, 20, 68, 65, 61, 70, 3D, 32, 37, 34, 33, 34, 38, 20, 5B, 45, 53, 50, 49, 44, 46, 5D, 7B, 45, 53, 50, 33, 32, 7D, 20, 20, 5A, 65, 6E, 6F, 68, 2D, 50, 69, 63, 6F, 21, BD, 0C, A7, FF, 00]
[2024-03-08T19:38:02Z TRACE z_serial] Frame after COBS encoding [3B, 00, 05, EF, 25, DD, 01, 21, 0D, 01, 32, 5B, 20, 20, 20, 34, 38, 34, 36, 5D, 20, 68, 65, 61, 70, 3D, 32, 37, 34, 33, 34, 38, 20, 5B, 45, 53, 50, 49, 44, 46, 5D, 7B, 45, 53, 50, 33, 32, 7D, 20, 20, 5A, 65, 6E, 6F, 68, 2D, 50, 69, 63, 6F, 21, BD, 0C, A7, FF]
[2024-03-08T19:38:02Z TRACE z_serial] Received CRC FFA70CBD  Computed CRC FFA70CBD
[2024-03-08T19:38:02Z DEBUG zenoh_transport::unicast::establishment::accept] Received invalid message instead of an InitSyn on serial//dev/ttyUSB1 => serial/2e50c4d9-dca4-46af-bcb6-7cdec5098973: Frame(Frame { reliability: BestEffort, sn: 4847, ext_qos: QoSType { inner: 5 }, payload: [NetworkMessage { body: Push(Push { wire_expr: 1:Sender:, ext_qos: QoS { priority: Data, congestion: Block, express: false }, ext_tstamp: None, ext_nodeid: NodeIdType { node_id: 0 }, payload: Put(Put { timestamp: None, encoding: Exact(Empty), ext_sinfo: None, ext_attachment: None, ext_unknown: [], payload: ZBuf { slices: [[5b, 20, 20, 20, 34, 38, 34, 36, 5d, 20, 68, 65, 61, 70, 3d, 32, 37, 34, 33, 34, 38, 20, 5b, 45, 53, 50, 49, 44, 46, 5d, 7b, 45, 53, 50, 33, 32, 7d, 20, 20, 5a, 65, 6e, 6f, 68, 2d, 50, 69, 63, 6f, 21]] } }) }) }] }) at io/zenoh-transport/src/unicast/establishment/accept.rs:158.
[2024-03-08T19:38:02Z TRACE z_serial] Frame before COBS encoding [02, 00, 03, 02, AD, 01, BF, FD]
[2024-03-08T19:38:02Z TRACE z_serial] Wrote 10bytes COBS [02, 02, 07, 03, 02, AD, 01, BF, FD, 00]
[2024-03-08T19:38:02Z TRACE zenoh_link_serial::unicast] Closing Serial link: serial//dev/ttyUSB1 => serial/2e50c4d9-dca4-46af-bcb6-7cdec5098973
[2024-03-08T19:38:02Z TRACE zenoh_transport::unicast::universal::rx] Received: TransportMessage { body: KeepAlive(KeepAlive) }
[2024-03-08T19:38:02Z TRACE zenoh_link_serial::unicast] Creating serial link from "/dev/ttyUSB1"
[2024-03-08T19:38:02Z TRACE zenoh_transport::unicast::manager] Accepting link... serial//dev/ttyUSB1 => serial/2e50c4d9-dca4-46af-bcb6-7cdec5098973
[2024-03-08T19:38:02Z TRACE z_serial] Read 22 bytes COBS [50, 33, 32, 7D, 20, 20, 5A, 65, 6E, 6F, 68, 2D, 50, 69, 63, 6F, 21, 42, 85, 7A, F8, 00]
[2024-03-08T19:38:02Z ERROR zenoh_link_serial::unicast] Read error on Serial link serial//dev/ttyUSB1 => serial/2e50c4d9-dca4-46af-bcb6-7cdec5098973: Unable COBS decode: () at io/zenoh-links/zenoh-link-serial/src/unicast.rs:150.
[2024-03-08T19:38:02Z TRACE z_serial] Read 67 bytes COBS [02, 3B, 40, 05, 81, 26, DD, 01, 21, 0D, 01, 32, 5B, 20, 20, 20, 34, 38, 36, 34, 5D, 20, 68, 65, 61, 70, 3D, 32, 37, 34, 33, 34, 38, 20, 5B, 45, 53, 50, 49, 44, 46, 5D, 7B, 45, 53, 50, 33, 32, 7D, 20, 20, 5A, 65, 6E, 6F, 68, 2D, 50, 69, 63, 6F, 21, 49, ED, E7, FB, 00]
[2024-03-08T19:38:02Z TRACE z_serial] Frame after COBS encoding [3B, 00, 05, 81, 26, DD, 01, 21, 0D, 01, 32, 5B, 20, 20, 20, 34, 38, 36, 34, 5D, 20, 68, 65, 61, 70, 3D, 32, 37, 34, 33, 34, 38, 20, 5B, 45, 53, 50, 49, 44, 46, 5D, 7B, 45, 53, 50, 33, 32, 7D, 20, 20, 5A, 65, 6E, 6F, 68, 2D, 50, 69, 63, 6F, 21, 49, ED, E7, FB]
[2024-03-08T19:38:02Z TRACE z_serial] Received CRC FBE7ED49  Computed CRC FBE7ED49
[2024-03-08T19:38:02Z DEBUG zenoh_transport::unicast::establishment::accept] Received invalid message instead of an InitSyn on serial//dev/ttyUSB1 => serial/2e50c4d9-dca4-46af-bcb6-7cdec5098973: Frame(Frame { reliability: BestEffort, sn: 4865, ext_qos: QoSType { inner: 5 }, payload: [NetworkMessage { body: Push(Push { wire_expr: 1:Sender:, ext_qos: QoS { priority: Data, congestion: Block, express: false }, ext_tstamp: None, ext_nodeid: NodeIdType { node_id: 0 }, payload: Put(Put { timestamp: None, encoding: Exact(Empty), ext_sinfo: None, ext_attachment: None, ext_unknown: [], payload: ZBuf { slices: [[5b, 20, 20, 20, 34, 38, 36, 34, 5d, 20, 68, 65, 61, 70, 3d, 32, 37, 34, 33, 34, 38, 20, 5b, 45, 53, 50, 49, 44, 46, 5d, 7b, 45, 53, 50, 33, 32, 7d, 20, 20, 5a, 65, 6e, 6f, 68, 2d, 50, 69, 63, 6f, 21]] } }) }) }] }) at io/zenoh-transport/src/unicast/establishment/accept.rs:158.
[2024-03-08T19:38:02Z TRACE z_serial] Frame before COBS encoding [02, 00, 03, 02, AD, 01, BF, FD]
[2024-03-08T19:38:02Z TRACE z_serial] Wrote 10bytes COBS [02, 02, 07, 03, 02, AD, 01, BF, FD, 00]
[2024-03-08T19:38:02Z TRACE zenoh_link_serial::unicast] Closing Serial link: serial//dev/ttyUSB1 => serial/2e50c4d9-dca4-46af-bcb6-7cdec5098973
[2024-03-08T19:38:02Z TRACE zenoh_link_serial::unicast] Creating serial link from "/dev/ttyUSB1"
[2024-03-08T19:38:02Z TRACE zenoh_transport::unicast::manager] Accepting link... serial//dev/ttyUSB1 => serial/2e50c4d9-dca4-46af-bcb6-7cdec5098973
[2024-03-08T19:38:02Z TRACE z_serial] Read 60 bytes COBS [01, 21, 0D, 01, 32, 5B, 20, 20, 20, 34, 38, 38, 33, 5D, 20, 68, 65, 61, 70, 3D, 32, 37, 34, 33, 34, 38, 20, 5B, 45, 53, 50, 49, 44, 46, 5D, 7B, 45, 53, 50, 33, 32, 7D, 20, 20, 5A, 65, 6E, 6F, 68, 2D, 50, 69, 63, 6F, 21, A2, 7D, F5, FA, 00]
[2024-03-08T19:38:02Z ERROR zenoh_link_serial::unicast] Read error on Serial link serial//dev/ttyUSB1 => serial/2e50c4d9-dca4-46af-bcb6-7cdec5098973: Unable COBS decode: () at io/zenoh-links/zenoh-link-serial/src/unicast.rs:150.
[2024-03-08T19:38:02Z TRACE z_serial] Read 67 bytes COBS [02, 3B, 40, 05, 95, 26, DD, 01, 21, 0D, 01, 32, 5B, 20, 20, 20, 34, 38, 38, 34, 5D, 20, 68, 65, 61, 70, 3D, 32, 37, 34, 33, 34, 38, 20, 5B, 45, 53, 50, 49, 44, 46, 5D, 7B, 45, 53, 50, 33, 32, 7D, 20, 20, 5A, 65, 6E, 6F, 68, 2D, 50, 69, 63, 6F, 21, A9, 15, 68, F9, 00]
[2024-03-08T19:38:02Z TRACE z_serial] Frame after COBS encoding [3B, 00, 05, 95, 26, DD, 01, 21, 0D, 01, 32, 5B, 20, 20, 20, 34, 38, 38, 34, 5D, 20, 68, 65, 61, 70, 3D, 32, 37, 34, 33, 34, 38, 20, 5B, 45, 53, 50, 49, 44, 46, 5D, 7B, 45, 53, 50, 33, 32, 7D, 20, 20, 5A, 65, 6E, 6F, 68, 2D, 50, 69, 63, 6F, 21, A9, 15, 68, F9]
[2024-03-08T19:38:02Z TRACE z_serial] Received CRC F96815A9  Computed CRC F96815A9
[2024-03-08T19:38:02Z DEBUG zenoh_transport::unicast::establishment::accept] Received invalid message instead of an InitSyn on serial//dev/ttyUSB1 => serial/2e50c4d9-dca4-46af-bcb6-7cdec5098973: Frame(Frame { reliability: BestEffort, sn: 4885, ext_qos: QoSType { inner: 5 }, payload: [NetworkMessage { body: Push(Push { wire_expr: 1:Sender:, ext_qos: QoS { priority: Data, congestion: Block, express: false }, ext_tstamp: None, ext_nodeid: NodeIdType { node_id: 0 }, payload: Put(Put { timestamp: None, encoding: Exact(Empty), ext_sinfo: None, ext_attachment: None, ext_unknown: [], payload: ZBuf { slices: [[5b, 20, 20, 20, 34, 38, 38, 34, 5d, 20, 68, 65, 61, 70, 3d, 32, 37, 34, 33, 34, 38, 20, 5b, 45, 53, 50, 49, 44, 46, 5d, 7b, 45, 53, 50, 33, 32, 7d, 20, 20, 5a, 65, 6e, 6f, 68, 2d, 50, 69, 63, 6f, 21]] } }) }) }] }) at io/zenoh-transport/src/unicast/establishment/accept.rs:158.
[2024-03-08T19:38:02Z TRACE z_serial] Frame before COBS encoding [02, 00, 03, 02, AD, 01, BF, FD]
[2024-03-08T19:38:02Z TRACE z_serial] Wrote 10bytes COBS [02, 02, 07, 03, 02, AD, 01, BF, FD, 00]
[2024-03-08T19:38:02Z TRACE zenoh_link_serial::unicast] Closing Serial link: serial//dev/ttyUSB1 => serial/2e50c4d9-dca4-46af-bcb6-7cdec5098973
[2024-03-08T19:38:02Z TRACE zenoh_link_serial::unicast] Creating serial link from "/dev/ttyUSB1"
[2024-03-08T19:38:02Z TRACE zenoh_transport::unicast::manager] Accepting link... serial//dev/ttyUSB1 => serial/2e50c4d9-dca4-46af-bcb6-7cdec5098973
[2024-03-08T19:38:02Z TRACE z_serial] Read 34 bytes COBS [20, 5B, 45, 53, 50, 49, 44, 46, 5D, 7B, 45, 53, 50, 33, 32, 7D, 20, 20, 5A, 65, 6E, 6F, 68, 2D, 50, 69, 63, 6F, 21, C8, E8, 82, FE, 00]
[2024-03-08T19:38:02Z ERROR zenoh_link_serial::unicast] Read error on Serial link serial//dev/ttyUSB1 => serial/2e50c4d9-dca4-46af-bcb6-7cdec5098973: Unable COBS decode: () at io/zenoh-links/zenoh-link-serial/src/unicast.rs:150.
[2024-03-08T19:38:02Z TRACE z_serial] Read 67 bytes COBS [02, 3B, 40, 05, A7, 26, DD, 01, 21, 0D, 01, 32, 5B, 20, 20, 20, 34, 39, 30, 32, 5D, 20, 68, 65, 61, 70, 3D, 32, 37, 34, 33, 34, 38, 20, 5B, 45, 53, 50, 49, 44, 46, 5D, 7B, 45, 53, 50, 33, 32, 7D, 20, 20, 5A, 65, 6E, 6F, 68, 2D, 50, 69, 63, 6F, 21, 63, 41, 3D, FC, 00]
[2024-03-08T19:38:02Z TRACE z_serial] Frame after COBS encoding [3B, 00, 05, A7, 26, DD, 01, 21, 0D, 01, 32, 5B, 20, 20, 20, 34, 39, 30, 32, 5D, 20, 68, 65, 61, 70, 3D, 32, 37, 34, 33, 34, 38, 20, 5B, 45, 53, 50, 49, 44, 46, 5D, 7B, 45, 53, 50, 33, 32, 7D, 20, 20, 5A, 65, 6E, 6F, 68, 2D, 50, 69, 63, 6F, 21, 63, 41, 3D, FC]
[2024-03-08T19:38:02Z TRACE z_serial] Received CRC FC3D4163  Computed CRC FC3D4163
[2024-03-08T19:38:02Z DEBUG zenoh_transport::unicast::establishment::accept] Received invalid message instead of an InitSyn on serial//dev/ttyUSB1 => serial/2e50c4d9-dca4-46af-bcb6-7cdec5098973: Frame(Frame { reliability: BestEffort, sn: 4903, ext_qos: QoSType { inner: 5 }, payload: [NetworkMessage { body: Push(Push { wire_expr: 1:Sender:, ext_qos: QoS { priority: Data, congestion: Block, express: false }, ext_tstamp: None, ext_nodeid: NodeIdType { node_id: 0 }, payload: Put(Put { timestamp: None, encoding: Exact(Empty), ext_sinfo: None, ext_attachment: None, ext_unknown: [], payload: ZBuf { slices: [[5b, 20, 20, 20, 34, 39, 30, 32, 5d, 20, 68, 65, 61, 70, 3d, 32, 37, 34, 33, 34, 38, 20, 5b, 45, 53, 50, 49, 44, 46, 5d, 7b, 45, 53, 50, 33, 32, 7d, 20, 20, 5a, 65, 6e, 6f, 68, 2d, 50, 69, 63, 6f, 21]] } }) }) }] }) at io/zenoh-transport/src/unicast/establishment/accept.rs:158.
[2024-03-08T19:38:02Z TRACE z_serial] Frame before COBS encoding [02, 00, 03, 02, AD, 01, BF, FD]
[2024-03-08T19:38:02Z TRACE z_serial] Wrote 10bytes COBS [02, 02, 07, 03, 02, AD, 01, BF, FD, 00]
[2024-03-08T19:38:02Z TRACE zenoh_link_serial::unicast] Closing Serial link: serial//dev/ttyUSB1 => serial/2e50c4d9-dca4-46af-bcb6-7cdec5098973
[2024-03-08T19:38:02Z TRACE zenoh_link_serial::unicast] Creating serial link from "/dev/ttyUSB1"
[2024-03-08T19:38:02Z TRACE zenoh_transport::unicast::manager] Accepting link... serial//dev/ttyUSB1 => serial/2e50c4d9-dca4-46af-bcb6-7cdec5098973
[2024-03-08T19:38:02Z TRACE z_serial] Read 63 bytes COBS [B9, 26, DD, 01, 21, 0D, 01, 32, 5B, 20, 20, 20, 34, 39, 32, 30, 5D, 20, 68, 65, 61, 70, 3D, 32, 37, 34, 33, 34, 38, 20, 5B, 45, 53, 50, 49, 44, 46, 5D, 7B, 45, 53, 50, 33, 32, 7D, 20, 20, 5A, 65, 6E, 6F, 68, 2D, 50, 69, 63, 6F, 21, 1C, B5, EB, FB, 00]
[2024-03-08T19:38:02Z ERROR zenoh_link_serial::unicast] Read error on Serial link serial//dev/ttyUSB1 => serial/2e50c4d9-dca4-46af-bcb6-7cdec5098973: Unable COBS decode: () at io/zenoh-links/zenoh-link-serial/src/unicast.rs:150.
[2024-03-08T19:38:02Z TRACE z_serial] Read 67 bytes COBS [02, 3B, 40, 05, BA, 26, DD, 01, 21, 0D, 01, 32, 5B, 20, 20, 20, 34, 39, 32, 31, 5D, 20, 68, 65, 61, 70, 3D, 32, 37, 34, 33, 34, 38, 20, 5B, 45, 53, 50, 49, 44, 46, 5D, 7B, 45, 53, 50, 33, 32, 7D, 20, 20, 5A, 65, 6E, 6F, 68, 2D, 50, 69, 63, 6F, 21, 41, 8E, 09, FD, 00]
[2024-03-08T19:38:02Z TRACE z_serial] Frame after COBS encoding [3B, 00, 05, BA, 26, DD, 01, 21, 0D, 01, 32, 5B, 20, 20, 20, 34, 39, 32, 31, 5D, 20, 68, 65, 61, 70, 3D, 32, 37, 34, 33, 34, 38, 20, 5B, 45, 53, 50, 49, 44, 46, 5D, 7B, 45, 53, 50, 33, 32, 7D, 20, 20, 5A, 65, 6E, 6F, 68, 2D, 50, 69, 63, 6F, 21, 41, 8E, 09, FD]
[2024-03-08T19:38:02Z TRACE z_serial] Received CRC FD098E41  Computed CRC FD098E41
[2024-03-08T19:38:02Z DEBUG zenoh_transport::unicast::establishment::accept] Received invalid message instead of an InitSyn on serial//dev/ttyUSB1 => serial/2e50c4d9-dca4-46af-bcb6-7cdec5098973: Frame(Frame { reliability: BestEffort, sn: 4922, ext_qos: QoSType { inner: 5 }, payload: [NetworkMessage { body: Push(Push { wire_expr: 1:Sender:, ext_qos: QoS { priority: Data, congestion: Block, express: false }, ext_tstamp: None, ext_nodeid: NodeIdType { node_id: 0 }, payload: Put(Put { timestamp: None, encoding: Exact(Empty), ext_sinfo: None, ext_attachment: None, ext_unknown: [], payload: ZBuf { slices: [[5b, 20, 20, 20, 34, 39, 32, 31, 5d, 20, 68, 65, 61, 70, 3d, 32, 37, 34, 33, 34, 38, 20, 5b, 45, 53, 50, 49, 44, 46, 5d, 7b, 45, 53, 50, 33, 32, 7d, 20, 20, 5a, 65, 6e, 6f, 68, 2d, 50, 69, 63, 6f, 21]] } }) }) }] }) at io/zenoh-transport/src/unicast/establishment/accept.rs:158.
[2024-03-08T19:38:02Z TRACE z_serial] Frame before COBS encoding [02, 00, 03, 02, AD, 01, BF, FD]
[2024-03-08T19:38:02Z TRACE z_serial] Wrote 10bytes COBS [02, 02, 07, 03, 02, AD, 01, BF, FD, 00]
[2024-03-08T19:38:02Z TRACE zenoh_link_serial::unicast] Closing Serial link: serial//dev/ttyUSB1 => serial/2e50c4d9-dca4-46af-bcb6-7cdec5098973
[2024-03-08T19:38:02Z TRACE zenoh_link_serial::unicast] Creating serial link from "/dev/ttyUSB1"
[2024-03-08T19:38:02Z TRACE zenoh_transport::unicast::manager] Accepting link... serial//dev/ttyUSB1 => serial/2e50c4d9-dca4-46af-bcb6-7cdec5098973
[2024-03-08T19:38:02Z TRACE z_serial] Read 13 bytes COBS [6F, 68, 2D, 50, 69, 63, 6F, 21, 6E, 8E, 8A, FD, 00]
[2024-03-08T19:38:02Z ERROR zenoh_link_serial::unicast] Read error on Serial link serial//dev/ttyUSB1 => serial/2e50c4d9-dca4-46af-bcb6-7cdec5098973: Unable COBS decode: () at io/zenoh-links/zenoh-link-serial/src/unicast.rs:150.
[2024-03-08T19:38:02Z TRACE z_serial] Read 67 bytes COBS [02, 3B, 40, 05, CC, 26, DD, 01, 21, 0D, 01, 32, 5B, 20, 20, 20, 34, 39, 33, 39, 5D, 20, 68, 65, 61, 70, 3D, 32, 37, 34, 33, 34, 38, 20, 5B, 45, 53, 50, 49, 44, 46, 5D, 7B, 45, 53, 50, 33, 32, 7D, 20, 20, 5A, 65, 6E, 6F, 68, 2D, 50, 69, 63, 6F, 21, 10, 6A, 73, FB, 00]
[2024-03-08T19:38:02Z TRACE z_serial] Frame after COBS encoding [3B, 00, 05, CC, 26, DD, 01, 21, 0D, 01, 32, 5B, 20, 20, 20, 34, 39, 33, 39, 5D, 20, 68, 65, 61, 70, 3D, 32, 37, 34, 33, 34, 38, 20, 5B, 45, 53, 50, 49, 44, 46, 5D, 7B, 45, 53, 50, 33, 32, 7D, 20, 20, 5A, 65, 6E, 6F, 68, 2D, 50, 69, 63, 6F, 21, 10, 6A, 73, FB]
[2024-03-08T19:38:02Z TRACE z_serial] Received CRC FB736A10  Computed CRC FB736A10
[2024-03-08T19:38:02Z DEBUG zenoh_transport::unicast::establishment::accept] Received invalid message instead of an InitSyn on serial//dev/ttyUSB1 => serial/2e50c4d9-dca4-46af-bcb6-7cdec5098973: Frame(Frame { reliability: BestEffort, sn: 4940, ext_qos: QoSType { inner: 5 }, payload: [NetworkMessage { body: Push(Push { wire_expr: 1:Sender:, ext_qos: QoS { priority: Data, congestion: Block, express: false }, ext_tstamp: None, ext_nodeid: NodeIdType { node_id: 0 }, payload: Put(Put { timestamp: None, encoding: Exact(Empty), ext_sinfo: None, ext_attachment: None, ext_unknown: [], payload: ZBuf { slices: [[5b, 20, 20, 20, 34, 39, 33, 39, 5d, 20, 68, 65, 61, 70, 3d, 32, 37, 34, 33, 34, 38, 20, 5b, 45, 53, 50, 49, 44, 46, 5d, 7b, 45, 53, 50, 33, 32, 7d, 20, 20, 5a, 65, 6e, 6f, 68, 2d, 50, 69, 63, 6f, 21]] } }) }) }] }) at io/zenoh-transport/src/unicast/establishment/accept.rs:158.
[2024-03-08T19:38:02Z TRACE z_serial] Frame before COBS encoding [02, 00, 03, 02, AD, 01, BF, FD]
[2024-03-08T19:38:02Z TRACE z_serial] Wrote 10bytes COBS [02, 02, 07, 03, 02, AD, 01, BF, FD, 00]
[2024-03-08T19:38:02Z TRACE zenoh_link_serial::unicast] Closing Serial link: serial//dev/ttyUSB1 => serial/2e50c4d9-dca4-46af-bcb6-7cdec5098973
[2024-03-08T19:38:02Z TRACE zenoh_link_serial::unicast] Creating serial link from "/dev/ttyUSB1"
[2024-03-08T19:38:02Z TRACE zenoh_transport::unicast::manager] Accepting link... serial//dev/ttyUSB1 => serial/2e50c4d9-dca4-46af-bcb6-7cdec5098973
[2024-03-08T19:38:02Z TRACE z_serial] Read 54 bytes COBS [20, 20, 20, 34, 39, 35, 37, 5D, 20, 68, 65, 61, 70, 3D, 32, 37, 34, 33, 34, 38, 20, 5B, 45, 53, 50, 49, 44, 46, 5D, 7B, 45, 53, 50, 33, 32, 7D, 20, 20, 5A, 65, 6E, 6F, 68, 2D, 50, 69, 63, 6F, 21, 2A, 4B, 7E, F8, 00]
[2024-03-08T19:38:02Z ERROR zenoh_link_serial::unicast] Read error on Serial link serial//dev/ttyUSB1 => serial/2e50c4d9-dca4-46af-bcb6-7cdec5098973: Unable COBS decode: () at io/zenoh-links/zenoh-link-serial/src/unicast.rs:150.
[2024-03-08T19:38:02Z TRACE z_serial] Read 67 bytes COBS [02, 3B, 40, 05, DF, 26, DD, 01, 21, 0D, 01, 32, 5B, 20, 20, 20, 34, 39, 35, 38, 5D, 20, 68, 65, 61, 70, 3D, 32, 37, 34, 33, 34, 38, 20, 5B, 45, 53, 50, 49, 44, 46, 5D, 7B, 45, 53, 50, 33, 32, 7D, 20, 20, 5A, 65, 6E, 6F, 68, 2D, 50, 69, 63, 6F, 21, 61, A0, A6, F9, 00]
[2024-03-08T19:38:02Z TRACE z_serial] Frame after COBS encoding [3B, 00, 05, DF, 26, DD, 01, 21, 0D, 01, 32, 5B, 20, 20, 20, 34, 39, 35, 38, 5D, 20, 68, 65, 61, 70, 3D, 32, 37, 34, 33, 34, 38, 20, 5B, 45, 53, 50, 49, 44, 46, 5D, 7B, 45, 53, 50, 33, 32, 7D, 20, 20, 5A, 65, 6E, 6F, 68, 2D, 50, 69, 63, 6F, 21, 61, A0, A6, F9]
[2024-03-08T19:38:02Z TRACE z_serial] Received CRC F9A6A061  Computed CRC F9A6A061
[2024-03-08T19:38:02Z DEBUG zenoh_transport::unicast::establishment::accept] Received invalid message instead of an InitSyn on serial//dev/ttyUSB1 => serial/2e50c4d9-dca4-46af-bcb6-7cdec5098973: Frame(Frame { reliability: BestEffort, sn: 4959, ext_qos: QoSType { inner: 5 }, payload: [NetworkMessage { body: Push(Push { wire_expr: 1:Sender:, ext_qos: QoS { priority: Data, congestion: Block, express: false }, ext_tstamp: None, ext_nodeid: NodeIdType { node_id: 0 }, payload: Put(Put { timestamp: None, encoding: Exact(Empty), ext_sinfo: None, ext_attachment: None, ext_unknown: [], payload: ZBuf { slices: [[5b, 20, 20, 20, 34, 39, 35, 38, 5d, 20, 68, 65, 61, 70, 3d, 32, 37, 34, 33, 34, 38, 20, 5b, 45, 53, 50, 49, 44, 46, 5d, 7b, 45, 53, 50, 33, 32, 7d, 20, 20, 5a, 65, 6e, 6f, 68, 2d, 50, 69, 63, 6f, 21]] } }) }) }] }) at io/zenoh-transport/src/unicast/establishment/accept.rs:158.
[2024-03-08T19:38:02Z TRACE z_serial] Frame before COBS encoding [02, 00, 03, 02, AD, 01, BF, FD]
[2024-03-08T19:38:02Z TRACE z_serial] Wrote 10bytes COBS [02, 02, 07, 03, 02, AD, 01, BF, FD, 00]
[2024-03-08T19:38:02Z TRACE zenoh_link_serial::unicast] Closing Serial link: serial//dev/ttyUSB1 => serial/2e50c4d9-dca4-46af-bcb6-7cdec5098973
