[2024-03-08T20:11:13Z TRACE z_serial] Frame after COBS encoding [3B, 00, 05, EB, 1A, DD, 01, 21, 0D, 01, 32, 5B, 20, 20, 20, 33, 34, 33, 34, 5D, 20, 68, 65, 61, 70, 3D, 32, 37, 34, 32, 39, 32, 20, 5B, 45, 53, 50, 49, 44, 46, 5D, 7B, 45, 53, 50, 33, 32, 7D, 20, 20, 5A, 65, 6E, 6F, 68, 2D, 50, 69, 63, 6F, 21, 47, 9E, 4F, FC]
[2024-03-08T20:11:13Z TRACE z_serial] Received CRC FC4F9E47  Computed CRC FC4F9E47
[2024-03-08T20:11:13Z TRACE zenoh_transport::unicast::universal::rx] Received: TransportMessage { body: Frame(Frame { reliability: BestEffort, sn: 3435, ext_qos: QoSType { inner: 5 }, payload: [NetworkMessage { body: Push(Push { wire_expr: 1:Sender:, ext_qos: QoS { priority: Data, congestion: Block, express: false }, ext_tstamp: None, ext_nodeid: NodeIdType { node_id: 0 }, payload: Put(Put { timestamp: None, encoding: Exact(Empty), ext_sinfo: None, ext_attachment: None, ext_unknown: [], payload: ZBuf { slices: [[5b, 20, 20, 20, 33, 34, 33, 34, 5d, 20, 68, 65, 61, 70, 3d, 32, 37, 34, 32, 39, 32, 20, 5b, 45, 53, 50, 49, 44, 46, 5d, 7b, 45, 53, 50, 33, 32, 7d, 20, 20, 5a, 65, 6e, 6f, 68, 2d, 50, 69, 63, 6f, 21]] } }) }) }] }) }
[2024-03-08T20:11:13Z TRACE zenoh_transport::unicast::universal::tx] Scheduled: NetworkMessage { body: Push(Push { wire_expr: 1:Receiver:/zenoh-pico-pub, ext_qos: QoS { priority: Data, congestion: Block, express: false }, ext_tstamp: None, ext_nodeid: NodeIdType { node_id: 0 }, payload: Put(Put { timestamp: Some(65eb70e1caf8df50/503065348d51afd40b896b25992d172e), encoding: Exact(Empty), ext_sinfo: None, ext_attachment: None, ext_unknown: [], payload: ZBuf { slices: [[5b, 20, 20, 20, 33, 34, 33, 34, 5d, 20, 68, 65, 61, 70, 3d, 32, 37, 34, 32, 39, 32, 20, 5b, 45, 53, 50, 49, 44, 46, 5d, 7b, 45, 53, 50, 33, 32, 7d, 20, 20, 5a, 65, 6e, 6f, 68, 2d, 50, 69, 63, 6f, 21]] } }) }) }
[2024-03-08T20:11:13Z TRACE z_serial] Read 67 bytes COBS [02, 3B, 40, 05, EC, 1A, DD, 01, 21, 0D, 01, 32, 5B, 20, 20, 20, 33, 34, 33, 35, 5D, 20, 68, 65, 61, 70, 3D, 32, 37, 34, 32, 39, 32, 20, 5B, 45, 53, 50, 49, 44, 46, 5D, 7B, 45, 53, 50, 33, 32, 7D, 20, 20, 5A, 65, 6E, 6F, 68, 2D, 50, 69, 63, 6F, 21, 39, 7A, B6, FA, 00]
[2024-03-08T20:11:13Z TRACE z_serial] Frame after COBS encoding [3B, 00, 05, EC, 1A, DD, 01, 21, 0D, 01, 32, 5B, 20, 20, 20, 33, 34, 33, 35, 5D, 20, 68, 65, 61, 70, 3D, 32, 37, 34, 32, 39, 32, 20, 5B, 45, 53, 50, 49, 44, 46, 5D, 7B, 45, 53, 50, 33, 32, 7D, 20, 20, 5A, 65, 6E, 6F, 68, 2D, 50, 69, 63, 6F, 21, 39, 7A, B6, FA]
[2024-03-08T20:11:13Z TRACE z_serial] Received CRC FAB67A39  Computed CRC FAB67A39
[2024-03-08T20:11:13Z TRACE zenoh_transport::unicast::universal::rx] Received: TransportMessage { body: Frame(Frame { reliability: BestEffort, sn: 3436, ext_qos: QoSType { inner: 5 }, payload: [NetworkMessage { body: Push(Push { wire_expr: 1:Sender:, ext_qos: QoS { priority: Data, congestion: Block, express: false }, ext_tstamp: None, ext_nodeid: NodeIdType { node_id: 0 }, payload: Put(Put { timestamp: None, encoding: Exact(Empty), ext_sinfo: None, ext_attachment: None, ext_unknown: [], payload: ZBuf { slices: [[5b, 20, 20, 20, 33, 34, 33, 35, 5d, 20, 68, 65, 61, 70, 3d, 32, 37, 34, 32, 39, 32, 20, 5b, 45, 53, 50, 49, 44, 46, 5d, 7b, 45, 53, 50, 33, 32, 7d, 20, 20, 5a, 65, 6e, 6f, 68, 2d, 50, 69, 63, 6f, 21]] } }) }) }] }) }
[2024-03-08T20:11:13Z TRACE zenoh_transport::unicast::universal::tx] Scheduled: NetworkMessage { body: Push(Push { wire_expr: 1:Receiver:/zenoh-pico-pub, ext_qos: QoS { priority: Data, congestion: Block, express: false }, ext_tstamp: None, ext_nodeid: NodeIdType { node_id: 0 }, payload: Put(Put { timestamp: Some(65eb70e1cc8639e0/503065348d51afd40b896b25992d172e), encoding: Exact(Empty), ext_sinfo: None, ext_attachment: None, ext_unknown: [], payload: ZBuf { slices: [[5b, 20, 20, 20, 33, 34, 33, 35, 5d, 20, 68, 65, 61, 70, 3d, 32, 37, 34, 32, 39, 32, 20, 5b, 45, 53, 50, 49, 44, 46, 5d, 7b, 45, 53, 50, 33, 32, 7d, 20, 20, 5a, 65, 6e, 6f, 68, 2d, 50, 69, 63, 6f, 21]] } }) }) }
[2024-03-08T20:11:13Z TRACE z_serial] Read 67 bytes COBS [02, 3B, 40, 05, ED, 1A, DD, 01, 21, 0D, 01, 32, 5B, 20, 20, 20, 33, 34, 33, 36, 5D, 20, 68, 65, 61, 70, 3D, 32, 37, 34, 32, 39, 32, 20, 5B, 45, 53, 50, 49, 44, 46, 5D, 7B, 45, 53, 50, 33, 32, 7D, 20, 20, 5A, 65, 6E, 6F, 68, 2D, 50, 69, 63, 6F, 21, 92, D3, 09, F8, 00]
[2024-03-08T20:11:13Z TRACE z_serial] Frame after COBS encoding [3B, 00, 05, ED, 1A, DD, 01, 21, 0D, 01, 32, 5B, 20, 20, 20, 33, 34, 33, 36, 5D, 20, 68, 65, 61, 70, 3D, 32, 37, 34, 32, 39, 32, 20, 5B, 45, 53, 50, 49, 44, 46, 5D, 7B, 45, 53, 50, 33, 32, 7D, 20, 20, 5A, 65, 6E, 6F, 68, 2D, 50, 69, 63, 6F, 21, 92, D3, 09, F8]
[2024-03-08T20:11:13Z TRACE z_serial] Received CRC F809D392  Computed CRC F809D392
[2024-03-08T20:11:13Z TRACE zenoh_transport::unicast::universal::rx] Received: TransportMessage { body: Frame(Frame { reliability: BestEffort, sn: 3437, ext_qos: QoSType { inner: 5 }, payload: [NetworkMessage { body: Push(Push { wire_expr: 1:Sender:, ext_qos: QoS { priority: Data, congestion: Block, express: false }, ext_tstamp: None, ext_nodeid: NodeIdType { node_id: 0 }, payload: Put(Put { timestamp: None, encoding: Exact(Empty), ext_sinfo: None, ext_attachment: None, ext_unknown: [], payload: ZBuf { slices: [[5b, 20, 20, 20, 33, 34, 33, 36, 5d, 20, 68, 65, 61, 70, 3d, 32, 37, 34, 32, 39, 32, 20, 5b, 45, 53, 50, 49, 44, 46, 5d, 7b, 45, 53, 50, 33, 32, 7d, 20, 20, 5a, 65, 6e, 6f, 68, 2d, 50, 69, 63, 6f, 21]] } }) }) }] }) }
[2024-03-08T20:11:13Z TRACE zenoh_transport::unicast::universal::tx] Scheduled: NetworkMessage { body: Push(Push { wire_expr: 1:Receiver:/zenoh-pico-pub, ext_qos: QoS { priority: Data, congestion: Block, express: false }, ext_tstamp: None, ext_nodeid: NodeIdType { node_id: 0 }, payload: Put(Put { timestamp: Some(65eb70e1ce09aaf0/503065348d51afd40b896b25992d172e), encoding: Exact(Empty), ext_sinfo: None, ext_attachment: None, ext_unknown: [], payload: ZBuf { slices: [[5b, 20, 20, 20, 33, 34, 33, 36, 5d, 20, 68, 65, 61, 70, 3d, 32, 37, 34, 32, 39, 32, 20, 5b, 45, 53, 50, 49, 44, 46, 5d, 7b, 45, 53, 50, 33, 32, 7d, 20, 20, 5a, 65, 6e, 6f, 68, 2d, 50, 69, 63, 6f, 21]] } }) }) }
[2024-03-08T20:11:13Z TRACE z_serial] Read 67 bytes COBS [02, 3B, 40, 05, EE, 1A, DD, 01, 21, 0D, 01, 32, 5B, 20, 20, 20, 33, 34, 33, 37, 5D, 20, 68, 65, 61, 70, 3D, 32, 37, 34, 32, 39, 32, 20, 5B, 45, 53, 50, 49, 44, 46, 5D, 7B, 45, 53, 50, 33, 32, 7D, 20, 20, 5A, 65, 6E, 6F, 68, 2D, 50, 69, 63, 6F, 21, CF, E8, EB, FE, 00]
[2024-03-08T20:11:13Z TRACE z_serial] Frame after COBS encoding [3B, 00, 05, EE, 1A, DD, 01, 21, 0D, 01, 32, 5B, 20, 20, 20, 33, 34, 33, 37, 5D, 20, 68, 65, 61, 70, 3D, 32, 37, 34, 32, 39, 32, 20, 5B, 45, 53, 50, 49, 44, 46, 5D, 7B, 45, 53, 50, 33, 32, 7D, 20, 20, 5A, 65, 6E, 6F, 68, 2D, 50, 69, 63, 6F, 21, CF, E8, EB, FE]
[2024-03-08T20:11:13Z TRACE z_serial] Received CRC FEEBE8CF  Computed CRC FEEBE8CF
[2024-03-08T20:11:13Z TRACE zenoh_transport::unicast::universal::rx] Received: TransportMessage { body: Frame(Frame { reliability: BestEffort, sn: 3438, ext_qos: QoSType { inner: 5 }, payload: [NetworkMessage { body: Push(Push { wire_expr: 1:Sender:, ext_qos: QoS { priority: Data, congestion: Block, express: false }, ext_tstamp: None, ext_nodeid: NodeIdType { node_id: 0 }, payload: Put(Put { timestamp: None, encoding: Exact(Empty), ext_sinfo: None, ext_attachment: None, ext_unknown: [], payload: ZBuf { slices: [[5b, 20, 20, 20, 33, 34, 33, 37, 5d, 20, 68, 65, 61, 70, 3d, 32, 37, 34, 32, 39, 32, 20, 5b, 45, 53, 50, 49, 44, 46, 5d, 7b, 45, 53, 50, 33, 32, 7d, 20, 20, 5a, 65, 6e, 6f, 68, 2d, 50, 69, 63, 6f, 21]] } }) }) }] }) }
[2024-03-08T20:11:13Z TRACE zenoh_transport::unicast::universal::tx] Scheduled: NetworkMessage { body: Push(Push { wire_expr: 1:Receiver:/zenoh-pico-pub, ext_qos: QoS { priority: Data, congestion: Block, express: false }, ext_tstamp: None, ext_nodeid: NodeIdType { node_id: 0 }, payload: Put(Put { timestamp: Some(65eb70e1cf90d000/503065348d51afd40b896b25992d172e), encoding: Exact(Empty), ext_sinfo: None, ext_attachment: None, ext_unknown: [], payload: ZBuf { slices: [[5b, 20, 20, 20, 33, 34, 33, 37, 5d, 20, 68, 65, 61, 70, 3d, 32, 37, 34, 32, 39, 32, 20, 5b, 45, 53, 50, 49, 44, 46, 5d, 7b, 45, 53, 50, 33, 32, 7d, 20, 20, 5a, 65, 6e, 6f, 68, 2d, 50, 69, 63, 6f, 21]] } }) }) }
[2024-03-08T20:11:13Z TRACE z_serial] Read 67 bytes COBS [02, 3B, 40, 05, EF, 1A, DD, 01, 21, 0D, 01, 32, 5B, 20, 20, 20, 33, 34, 33, 38, 5D, 20, 68, 65, 61, 70, 3D, 32, 37, 34, 32, 39, 32, 20, 5B, 45, 53, 50, 49, 44, 46, 5D, 7B, 45, 53, 50, 33, 32, 7D, 20, 20, 5A, 65, 6E, 6F, 68, 2D, 50, 69, 63, 6F, 21, 84, 03, 33, FF, 00]
[2024-03-08T20:11:13Z TRACE z_serial] Frame after COBS encoding [3B, 00, 05, EF, 1A, DD, 01, 21, 0D, 01, 32, 5B, 20, 20, 20, 33, 34, 33, 38, 5D, 20, 68, 65, 61, 70, 3D, 32, 37, 34, 32, 39, 32, 20, 5B, 45, 53, 50, 49, 44, 46, 5D, 7B, 45, 53, 50, 33, 32, 7D, 20, 20, 5A, 65, 6E, 6F, 68, 2D, 50, 69, 63, 6F, 21, 84, 03, 33, FF]
[2024-03-08T20:11:13Z TRACE z_serial] Received CRC FF330384  Computed CRC FF330384
[2024-03-08T20:11:13Z TRACE zenoh_transport::unicast::universal::rx] Received: TransportMessage { body: Frame(Frame { reliability: BestEffort, sn: 3439, ext_qos: QoSType { inner: 5 }, payload: [NetworkMessage { body: Push(Push { wire_expr: 1:Sender:, ext_qos: QoS { priority: Data, congestion: Block, express: false }, ext_tstamp: None, ext_nodeid: NodeIdType { node_id: 0 }, payload: Put(Put { timestamp: None, encoding: Exact(Empty), ext_sinfo: None, ext_attachment: None, ext_unknown: [], payload: ZBuf { slices: [[5b, 20, 20, 20, 33, 34, 33, 38, 5d, 20, 68, 65, 61, 70, 3d, 32, 37, 34, 32, 39, 32, 20, 5b, 45, 53, 50, 49, 44, 46, 5d, 7b, 45, 53, 50, 33, 32, 7d, 20, 20, 5a, 65, 6e, 6f, 68, 2d, 50, 69, 63, 6f, 21]] } }) }) }] }) }
[2024-03-08T20:11:13Z TRACE zenoh_transport::unicast::universal::tx] Scheduled: NetworkMessage { body: Push(Push { wire_expr: 1:Receiver:/zenoh-pico-pub, ext_qos: QoS { priority: Data, congestion: Block, express: false }, ext_tstamp: None, ext_nodeid: NodeIdType { node_id: 0 }, payload: Put(Put { timestamp: Some(65eb70e1d123dc80/503065348d51afd40b896b25992d172e), encoding: Exact(Empty), ext_sinfo: None, ext_attachment: None, ext_unknown: [], payload: ZBuf { slices: [[5b, 20, 20, 20, 33, 34, 33, 38, 5d, 20, 68, 65, 61, 70, 3d, 32, 37, 34, 32, 39, 32, 20, 5b, 45, 53, 50, 49, 44, 46, 5d, 7b, 45, 53, 50, 33, 32, 7d, 20, 20, 5a, 65, 6e, 6f, 68, 2d, 50, 69, 63, 6f, 21]] } }) }) }
[2024-03-08T20:11:13Z TRACE z_serial] Read 67 bytes COBS [02, 3B, 40, 05, F0, 1A, DD, 01, 21, 0D, 01, 32, 5B, 20, 20, 20, 33, 34, 33, 39, 5D, 20, 68, 65, 61, 70, 3D, 32, 37, 34, 32, 39, 32, 20, 5B, 45, 53, 50, 49, 44, 46, 5D, 7B, 45, 53, 50, 33, 32, 7D, 20, 20, 5A, 65, 6E, 6F, 68, 2D, 50, 69, 63, 6F, 21, 30, 25, 92, F9, 00]
[2024-03-08T20:11:13Z TRACE z_serial] Frame after COBS encoding [3B, 00, 05, F0, 1A, DD, 01, 21, 0D, 01, 32, 5B, 20, 20, 20, 33, 34, 33, 39, 5D, 20, 68, 65, 61, 70, 3D, 32, 37, 34, 32, 39, 32, 20, 5B, 45, 53, 50, 49, 44, 46, 5D, 7B, 45, 53, 50, 33, 32, 7D, 20, 20, 5A, 65, 6E, 6F, 68, 2D, 50, 69, 63, 6F, 21, 30, 25, 92, F9]
[2024-03-08T20:11:13Z TRACE z_serial] Received CRC F9922530  Computed CRC F9922530
[2024-03-08T20:11:13Z TRACE zenoh_transport::unicast::universal::rx] Received: TransportMessage { body: Frame(Frame { reliability: BestEffort, sn: 3440, ext_qos: QoSType { inner: 5 }, payload: [NetworkMessage { body: Push(Push { wire_expr: 1:Sender:, ext_qos: QoS { priority: Data, congestion: Block, express: false }, ext_tstamp: None, ext_nodeid: NodeIdType { node_id: 0 }, payload: Put(Put { timestamp: None, encoding: Exact(Empty), ext_sinfo: None, ext_attachment: None, ext_unknown: [], payload: ZBuf { slices: [[5b, 20, 20, 20, 33, 34, 33, 39, 5d, 20, 68, 65, 61, 70, 3d, 32, 37, 34, 32, 39, 32, 20, 5b, 45, 53, 50, 49, 44, 46, 5d, 7b, 45, 53, 50, 33, 32, 7d, 20, 20, 5a, 65, 6e, 6f, 68, 2d, 50, 69, 63, 6f, 21]] } }) }) }] }) }
[2024-03-08T20:11:13Z TRACE zenoh_transport::unicast::universal::tx] Scheduled: NetworkMessage { body: Push(Push { wire_expr: 1:Receiver:/zenoh-pico-pub, ext_qos: QoS { priority: Data, congestion: Block, express: false }, ext_tstamp: None, ext_nodeid: NodeIdType { node_id: 0 }, payload: Put(Put { timestamp: Some(65eb70e1d2645b00/503065348d51afd40b896b25992d172e), encoding: Exact(Empty), ext_sinfo: None, ext_attachment: None, ext_unknown: [], payload: ZBuf { slices: [[5b, 20, 20, 20, 33, 34, 33, 39, 5d, 20, 68, 65, 61, 70, 3d, 32, 37, 34, 32, 39, 32, 20, 5b, 45, 53, 50, 49, 44, 46, 5d, 7b, 45, 53, 50, 33, 32, 7d, 20, 20, 5a, 65, 6e, 6f, 68, 2d, 50, 69, 63, 6f, 21]] } }) }) }
[2024-03-08T20:11:13Z TRACE z_serial] Read 67 bytes COBS [02, 3B, 40, 05, F1, 1A, DD, 01, 21, 0D, 01, 32, 5B, 20, 20, 20, 33, 34, 34, 30, 5D, 20, 68, 65, 61, 70, 3D, 32, 37, 34, 32, 39, 32, 20, 5B, 45, 53, 50, 49, 44, 46, 5D, 7B, 45, 53, 50, 33, 32, 7D, 20, 20, 5A, 65, 6E, 6F, 68, 2D, 50, 69, 63, 6F, 21, 1B, DF, 45, FC, 00]
[2024-03-08T20:11:13Z TRACE z_serial] Frame after COBS encoding [3B, 00, 05, F1, 1A, DD, 01, 21, 0D, 01, 32, 5B, 20, 20, 20, 33, 34, 34, 30, 5D, 20, 68, 65, 61, 70, 3D, 32, 37, 34, 32, 39, 32, 20, 5B, 45, 53, 50, 49, 44, 46, 5D, 7B, 45, 53, 50, 33, 32, 7D, 20, 20, 5A, 65, 6E, 6F, 68, 2D, 50, 69, 63, 6F, 21, 1B, DF, 45, FC]
[2024-03-08T20:11:13Z TRACE z_serial] Received CRC FC45DF1B  Computed CRC FC45DF1B
[2024-03-08T20:11:13Z TRACE zenoh_transport::unicast::universal::rx] Received: TransportMessage { body: Frame(Frame { reliability: BestEffort, sn: 3441, ext_qos: QoSType { inner: 5 }, payload: [NetworkMessage { body: Push(Push { wire_expr: 1:Sender:, ext_qos: QoS { priority: Data, congestion: Block, express: false }, ext_tstamp: None, ext_nodeid: NodeIdType { node_id: 0 }, payload: Put(Put { timestamp: None, encoding: Exact(Empty), ext_sinfo: None, ext_attachment: None, ext_unknown: [], payload: ZBuf { slices: [[5b, 20, 20, 20, 33, 34, 34, 30, 5d, 20, 68, 65, 61, 70, 3d, 32, 37, 34, 32, 39, 32, 20, 5b, 45, 53, 50, 49, 44, 46, 5d, 7b, 45, 53, 50, 33, 32, 7d, 20, 20, 5a, 65, 6e, 6f, 68, 2d, 50, 69, 63, 6f, 21]] } }) }) }] }) }
[2024-03-08T20:11:13Z TRACE zenoh_transport::unicast::universal::tx] Scheduled: NetworkMessage { body: Push(Push { wire_expr: 1:Receiver:/zenoh-pico-pub, ext_qos: QoS { priority: Data, congestion: Block, express: false }, ext_tstamp: None, ext_nodeid: NodeIdType { node_id: 0 }, payload: Put(Put { timestamp: Some(65eb70e1d3f682c0/503065348d51afd40b896b25992d172e), encoding: Exact(Empty), ext_sinfo: None, ext_attachment: None, ext_unknown: [], payload: ZBuf { slices: [[5b, 20, 20, 20, 33, 34, 34, 30, 5d, 20, 68, 65, 61, 70, 3d, 32, 37, 34, 32, 39, 32, 20, 5b, 45, 53, 50, 49, 44, 46, 5d, 7b, 45, 53, 50, 33, 32, 7d, 20, 20, 5a, 65, 6e, 6f, 68, 2d, 50, 69, 63, 6f, 21]] } }) }) }
[2024-03-08T20:11:13Z TRACE z_serial] Read 67 bytes COBS [02, 3B, 40, 05, F2, 1A, DD, 01, 21, 0D, 01, 32, 5B, 20, 20, 20, 33, 34, 34, 31, 5D, 20, 68, 65, 61, 70, 3D, 32, 37, 34, 32, 39, 32, 20, 5B, 45, 53, 50, 49, 44, 46, 5D, 7B, 45, 53, 50, 33, 32, 7D, 20, 20, 5A, 65, 6E, 6F, 68, 2D, 50, 69, 63, 6F, 21, 46, E4, A7, FA, 00]
[2024-03-08T20:11:13Z TRACE z_serial] Frame after COBS encoding [3B, 00, 05, F2, 1A, DD, 01, 21, 0D, 01, 32, 5B, 20, 20, 20, 33, 34, 34, 31, 5D, 20, 68, 65, 61, 70, 3D, 32, 37, 34, 32, 39, 32, 20, 5B, 45, 53, 50, 49, 44, 46, 5D, 7B, 45, 53, 50, 33, 32, 7D, 20, 20, 5A, 65, 6E, 6F, 68, 2D, 50, 69, 63, 6F, 21, 46, E4, A7, FA]
[2024-03-08T20:11:13Z TRACE z_serial] Received CRC FAA7E446  Computed CRC FAA7E446
[2024-03-08T20:11:13Z TRACE zenoh_transport::unicast::universal::rx] Received: TransportMessage { body: Frame(Frame { reliability: BestEffort, sn: 3442, ext_qos: QoSType { inner: 5 }, payload: [NetworkMessage { body: Push(Push { wire_expr: 1:Sender:, ext_qos: QoS { priority: Data, congestion: Block, express: false }, ext_tstamp: None, ext_nodeid: NodeIdType { node_id: 0 }, payload: Put(Put { timestamp: None, encoding: Exact(Empty), ext_sinfo: None, ext_attachment: None, ext_unknown: [], payload: ZBuf { slices: [[5b, 20, 20, 20, 33, 34, 34, 31, 5d, 20, 68, 65, 61, 70, 3d, 32, 37, 34, 32, 39, 32, 20, 5b, 45, 53, 50, 49, 44, 46, 5d, 7b, 45, 53, 50, 33, 32, 7d, 20, 20, 5a, 65, 6e, 6f, 68, 2d, 50, 69, 63, 6f, 21]] } }) }) }] }) }
[2024-03-08T20:11:13Z TRACE zenoh_transport::unicast::universal::tx] Scheduled: NetworkMessage { body: Push(Push { wire_expr: 1:Receiver:/zenoh-pico-pub, ext_qos: QoS { priority: Data, congestion: Block, express: false }, ext_tstamp: None, ext_nodeid: NodeIdType { node_id: 0 }, payload: Put(Put { timestamp: Some(65eb70e1d574ee90/503065348d51afd40b896b25992d172e), encoding: Exact(Empty), ext_sinfo: None, ext_attachment: None, ext_unknown: [], payload: ZBuf { slices: [[5b, 20, 20, 20, 33, 34, 34, 31, 5d, 20, 68, 65, 61, 70, 3d, 32, 37, 34, 32, 39, 32, 20, 5b, 45, 53, 50, 49, 44, 46, 5d, 7b, 45, 53, 50, 33, 32, 7d, 20, 20, 5a, 65, 6e, 6f, 68, 2d, 50, 69, 63, 6f, 21]] } }) }) }
[2024-03-08T20:11:13Z TRACE z_serial] Read 10 bytes COBS [02, 02, 07, 23, 05, 29, D7, A6, FD, 00]
[2024-03-08T20:11:13Z TRACE z_serial] Frame after COBS encoding [02, 00, 23, 05, 29, D7, A6, FD]
[2024-03-08T20:11:13Z TRACE z_serial] Received CRC FDA6D729  Computed CRC FDA6D729
[2024-03-08T20:11:13Z TRACE zenoh_transport::unicast::universal::rx] Received: TransportMessage { body: Close(Close { reason: 5, session: true }) }
[2024-03-08T20:11:13Z DEBUG zenoh_transport::unicast::universal::transport] [503065348d51afd40b896b25992d172e] Closing transport with peer: 56b0f35e61c82ab4a3e6e1297e242a93
[2024-03-08T20:11:13Z TRACE zenoh_transport::unicast::universal::link] serial//dev/ttyUSB1 => serial/aa3d61db-2d84-4c5b-8bdc-19566dc5f165: closing
[2024-03-08T20:11:13Z TRACE zenoh_link_serial::unicast] Closing Serial link: serial//dev/ttyUSB1 => serial/aa3d61db-2d84-4c5b-8bdc-19566dc5f165
[2024-03-08T20:11:13Z TRACE zenoh_link_serial::unicast] Creating serial link from "/dev/ttyUSB1"
[2024-03-08T20:11:13Z TRACE zenoh_transport::unicast::manager] Accepting link... serial//dev/ttyUSB1 => serial/aa3d61db-2d84-4c5b-8bdc-19566dc5f165
[2024-03-08T20:11:13Z TRACE z_serial] Read 61 bytes COBS [DD, 01, 21, 0D, 01, 32, 5B, 20, 20, 20, 33, 34, 34, 32, 5D, 20, 68, 65, 61, 70, 3D, 32, 37, 34, 32, 39, 32, 20, 5B, 45, 53, 50, 49, 44, 46, 5D, 7B, 45, 53, 50, 33, 32, 7D, 20, 20, 5A, 65, 6E, 6F, 68, 2D, 50, 69, 63, 6F, 21, ED, 4D, 18, F8, 00]
[2024-03-08T20:11:13Z ERROR zenoh_link_serial::unicast] Read error on Serial link serial//dev/ttyUSB1 => serial/aa3d61db-2d84-4c5b-8bdc-19566dc5f165: Unable COBS decode: () at io/zenoh-links/zenoh-link-serial/src/unicast.rs:150.
[2024-03-08T20:11:13Z TRACE z_serial] Read 67 bytes COBS [02, 3B, 40, 05, F4, 1A, DD, 01, 21, 0D, 01, 32, 5B, 20, 20, 20, 33, 34, 34, 33, 5D, 20, 68, 65, 61, 70, 3D, 32, 37, 34, 32, 39, 32, 20, 5B, 45, 53, 50, 49, 44, 46, 5D, 7B, 45, 53, 50, 33, 32, 7D, 20, 20, 5A, 65, 6E, 6F, 68, 2D, 50, 69, 63, 6F, 21, 93, A9, E1, FE, 00]
[2024-03-08T20:11:13Z TRACE z_serial] Frame after COBS encoding [3B, 00, 05, F4, 1A, DD, 01, 21, 0D, 01, 32, 5B, 20, 20, 20, 33, 34, 34, 33, 5D, 20, 68, 65, 61, 70, 3D, 32, 37, 34, 32, 39, 32, 20, 5B, 45, 53, 50, 49, 44, 46, 5D, 7B, 45, 53, 50, 33, 32, 7D, 20, 20, 5A, 65, 6E, 6F, 68, 2D, 50, 69, 63, 6F, 21, 93, A9, E1, FE]
[2024-03-08T20:11:13Z TRACE z_serial] Received CRC FEE1A993  Computed CRC FEE1A993
[2024-03-08T20:11:13Z DEBUG zenoh_transport::unicast::establishment::accept] Received invalid message instead of an InitSyn on serial//dev/ttyUSB1 => serial/aa3d61db-2d84-4c5b-8bdc-19566dc5f165: Frame(Frame { reliability: BestEffort, sn: 3444, ext_qos: QoSType { inner: 5 }, payload: [NetworkMessage { body: Push(Push { wire_expr: 1:Sender:, ext_qos: QoS { priority: Data, congestion: Block, express: false }, ext_tstamp: None, ext_nodeid: NodeIdType { node_id: 0 }, payload: Put(Put { timestamp: None, encoding: Exact(Empty), ext_sinfo: None, ext_attachment: None, ext_unknown: [], payload: ZBuf { slices: [[5b, 20, 20, 20, 33, 34, 34, 33, 5d, 20, 68, 65, 61, 70, 3d, 32, 37, 34, 32, 39, 32, 20, 5b, 45, 53, 50, 49, 44, 46, 5d, 7b, 45, 53, 50, 33, 32, 7d, 20, 20, 5a, 65, 6e, 6f, 68, 2d, 50, 69, 63, 6f, 21]] } }) }) }] }) at io/zenoh-transport/src/unicast/establishment/accept.rs:158.
[2024-03-08T20:11:13Z TRACE z_serial] Frame before COBS encoding [02, 00, 03, 02, AD, 01, BF, FD]
[2024-03-08T20:11:13Z TRACE z_serial] Wrote 10bytes COBS [02, 02, 07, 03, 02, AD, 01, BF, FD, 00]
[2024-03-08T20:11:13Z TRACE zenoh_link_serial::unicast] Closing Serial link: serial//dev/ttyUSB1 => serial/aa3d61db-2d84-4c5b-8bdc-19566dc5f165
[2024-03-08T20:11:14Z TRACE zenoh_link_serial::unicast] Creating serial link from "/dev/ttyUSB1"
[2024-03-08T20:11:14Z TRACE zenoh_transport::unicast::manager] Accepting link... serial//dev/ttyUSB1 => serial/aa3d61db-2d84-4c5b-8bdc-19566dc5f165
[2024-03-08T20:11:14Z TRACE z_serial] Read 20 bytes COBS [32, 7D, 20, 20, 5A, 65, 6E, 6F, 68, 2D, 50, 69, 63, 6F, 21, 61, FF, 8F, FE, 00]
[2024-03-08T20:11:14Z ERROR zenoh_link_serial::unicast] Read error on Serial link serial//dev/ttyUSB1 => serial/aa3d61db-2d84-4c5b-8bdc-19566dc5f165: Unable COBS decode: () at io/zenoh-links/zenoh-link-serial/src/unicast.rs:150.
[2024-03-08T20:11:14Z TRACE z_serial] Read 67 bytes COBS [02, 3B, 40, 05, 87, 1B, DD, 01, 21, 0D, 01, 32, 5B, 20, 20, 20, 33, 34, 36, 32, 5D, 20, 68, 65, 61, 70, 3D, 32, 37, 34, 32, 39, 32, 20, 5B, 45, 53, 50, 49, 44, 46, 5D, 7B, 45, 53, 50, 33, 32, 7D, 20, 20, 5A, 65, 6E, 6F, 68, 2D, 50, 69, 63, 6F, 21, CA, 56, 30, FC, 00]
[2024-03-08T20:11:14Z TRACE z_serial] Frame after COBS encoding [3B, 00, 05, 87, 1B, DD, 01, 21, 0D, 01, 32, 5B, 20, 20, 20, 33, 34, 36, 32, 5D, 20, 68, 65, 61, 70, 3D, 32, 37, 34, 32, 39, 32, 20, 5B, 45, 53, 50, 49, 44, 46, 5D, 7B, 45, 53, 50, 33, 32, 7D, 20, 20, 5A, 65, 6E, 6F, 68, 2D, 50, 69, 63, 6F, 21, CA, 56, 30, FC]
[2024-03-08T20:11:14Z TRACE z_serial] Received CRC FC3056CA  Computed CRC FC3056CA
[2024-03-08T20:11:14Z DEBUG zenoh_transport::unicast::establishment::accept] Received invalid message instead of an InitSyn on serial//dev/ttyUSB1 => serial/aa3d61db-2d84-4c5b-8bdc-19566dc5f165: Frame(Frame { reliability: BestEffort, sn: 3463, ext_qos: QoSType { inner: 5 }, payload: [NetworkMessage { body: Push(Push { wire_expr: 1:Sender:, ext_qos: QoS { priority: Data, congestion: Block, express: false }, ext_tstamp: None, ext_nodeid: NodeIdType { node_id: 0 }, payload: Put(Put { timestamp: None, encoding: Exact(Empty), ext_sinfo: None, ext_attachment: None, ext_unknown: [], payload: ZBuf { slices: [[5b, 20, 20, 20, 33, 34, 36, 32, 5d, 20, 68, 65, 61, 70, 3d, 32, 37, 34, 32, 39, 32, 20, 5b, 45, 53, 50, 49, 44, 46, 5d, 7b, 45, 53, 50, 33, 32, 7d, 20, 20, 5a, 65, 6e, 6f, 68, 2d, 50, 69, 63, 6f, 21]] } }) }) }] }) at io/zenoh-transport/src/unicast/establishment/accept.rs:158.
[2024-03-08T20:11:14Z TRACE z_serial] Frame before COBS encoding [02, 00, 03, 02, AD, 01, BF, FD]
[2024-03-08T20:11:14Z TRACE z_serial] Wrote 10bytes COBS [02, 02, 07, 03, 02, AD, 01, BF, FD, 00]
[2024-03-08T20:11:14Z TRACE zenoh_link_serial::unicast] Closing Serial link: serial//dev/ttyUSB1 => serial/aa3d61db-2d84-4c5b-8bdc-19566dc5f165
[2024-03-08T20:11:14Z TRACE zenoh_link_serial::unicast] Creating serial link from "/dev/ttyUSB1"
[2024-03-08T20:11:14Z TRACE zenoh_transport::unicast::manager] Accepting link... serial//dev/ttyUSB1 => serial/aa3d61db-2d84-4c5b-8bdc-19566dc5f165
[2024-03-08T20:11:14Z TRACE z_serial] Read 49 bytes COBS [38, 30, 5D, 20, 68, 65, 61, 70, 3D, 32, 37, 34, 32, 39, 32, 20, 5B, 45, 53, 50, 49, 44, 46, 5D, 7B, 45, 53, 50, 33, 32, 7D, 20, 20, 5A, 65, 6E, 6F, 68, 2D, 50, 69, 63, 6F, 21, 9A, 82, D5, FA, 00]
[2024-03-08T20:11:14Z ERROR zenoh_link_serial::unicast] Read error on Serial link serial//dev/ttyUSB1 => serial/aa3d61db-2d84-4c5b-8bdc-19566dc5f165: Unable COBS decode: () at io/zenoh-links/zenoh-link-serial/src/unicast.rs:150.
[2024-03-08T20:11:14Z TRACE z_serial] Read 67 bytes COBS [02, 3B, 40, 05, 9A, 1B, DD, 01, 21, 0D, 01, 32, 5B, 20, 20, 20, 33, 34, 38, 31, 5D, 20, 68, 65, 61, 70, 3D, 32, 37, 34, 32, 39, 32, 20, 5B, 45, 53, 50, 49, 44, 46, 5D, 7B, 45, 53, 50, 33, 32, 7D, 20, 20, 5A, 65, 6E, 6F, 68, 2D, 50, 69, 63, 6F, 21, C7, B9, 37, FC, 00]
[2024-03-08T20:11:14Z TRACE z_serial] Frame after COBS encoding [3B, 00, 05, 9A, 1B, DD, 01, 21, 0D, 01, 32, 5B, 20, 20, 20, 33, 34, 38, 31, 5D, 20, 68, 65, 61, 70, 3D, 32, 37, 34, 32, 39, 32, 20, 5B, 45, 53, 50, 49, 44, 46, 5D, 7B, 45, 53, 50, 33, 32, 7D, 20, 20, 5A, 65, 6E, 6F, 68, 2D, 50, 69, 63, 6F, 21, C7, B9, 37, FC]
[2024-03-08T20:11:14Z TRACE z_serial] Received CRC FC37B9C7  Computed CRC FC37B9C7
[2024-03-08T20:11:14Z DEBUG zenoh_transport::unicast::establishment::accept] Received invalid message instead of an InitSyn on serial//dev/ttyUSB1 => serial/aa3d61db-2d84-4c5b-8bdc-19566dc5f165: Frame(Frame { reliability: BestEffort, sn: 3482, ext_qos: QoSType { inner: 5 }, payload: [NetworkMessage { body: Push(Push { wire_expr: 1:Sender:, ext_qos: QoS { priority: Data, congestion: Block, express: false }, ext_tstamp: None, ext_nodeid: NodeIdType { node_id: 0 }, payload: Put(Put { timestamp: None, encoding: Exact(Empty), ext_sinfo: None, ext_attachment: None, ext_unknown: [], payload: ZBuf { slices: [[5b, 20, 20, 20, 33, 34, 38, 31, 5d, 20, 68, 65, 61, 70, 3d, 32, 37, 34, 32, 39, 32, 20, 5b, 45, 53, 50, 49, 44, 46, 5d, 7b, 45, 53, 50, 33, 32, 7d, 20, 20, 5a, 65, 6e, 6f, 68, 2d, 50, 69, 63, 6f, 21]] } }) }) }] }) at io/zenoh-transport/src/unicast/establishment/accept.rs:158.
[2024-03-08T20:11:14Z TRACE z_serial] Frame before COBS encoding [02, 00, 03, 02, AD, 01, BF, FD]
[2024-03-08T20:11:14Z TRACE z_serial] Wrote 10bytes COBS [02, 02, 07, 03, 02, AD, 01, BF, FD, 00]
[2024-03-08T20:11:14Z TRACE zenoh_link_serial::unicast] Closing Serial link: serial//dev/ttyUSB1 => serial/aa3d61db-2d84-4c5b-8bdc-19566dc5f165
[2024-03-08T20:11:14Z TRACE zenoh_link_serial::unicast] Creating serial link from "/dev/ttyUSB1"
[2024-03-08T20:11:14Z TRACE zenoh_transport::unicast::manager] Accepting link... serial//dev/ttyUSB1 => serial/aa3d61db-2d84-4c5b-8bdc-19566dc5f165
[2024-03-08T20:11:14Z TRACE z_serial] Read 11 bytes COBS [2D, 50, 69, 63, 6F, 21, D8, 4B, 09, FD, 00]
[2024-03-08T20:11:14Z ERROR zenoh_link_serial::unicast] Read error on Serial link serial//dev/ttyUSB1 => serial/aa3d61db-2d84-4c5b-8bdc-19566dc5f165: Unable COBS decode: () at io/zenoh-links/zenoh-link-serial/src/unicast.rs:150.
[2024-03-08T20:11:14Z TRACE z_serial] Read 67 bytes COBS [02, 3B, 40, 05, AC, 1B, DD, 01, 21, 0D, 01, 32, 5B, 20, 20, 20, 33, 34, 39, 39, 5D, 20, 68, 65, 61, 70, 3D, 32, 37, 34, 32, 39, 32, 20, 5B, 45, 53, 50, 49, 44, 46, 5D, 7B, 45, 53, 50, 33, 32, 7D, 20, 20, 5A, 65, 6E, 6F, 68, 2D, 50, 69, 63, 6F, 21, A6, AF, F0, FB, 00]
[2024-03-08T20:11:14Z TRACE z_serial] Frame after COBS encoding [3B, 00, 05, AC, 1B, DD, 01, 21, 0D, 01, 32, 5B, 20, 20, 20, 33, 34, 39, 39, 5D, 20, 68, 65, 61, 70, 3D, 32, 37, 34, 32, 39, 32, 20, 5B, 45, 53, 50, 49, 44, 46, 5D, 7B, 45, 53, 50, 33, 32, 7D, 20, 20, 5A, 65, 6E, 6F, 68, 2D, 50, 69, 63, 6F, 21, A6, AF, F0, FB]
[2024-03-08T20:11:14Z TRACE z_serial] Received CRC FBF0AFA6  Computed CRC FBF0AFA6
[2024-03-08T20:11:14Z DEBUG zenoh_transport::unicast::establishment::accept] Received invalid message instead of an InitSyn on serial//dev/ttyUSB1 => serial/aa3d61db-2d84-4c5b-8bdc-19566dc5f165: Frame(Frame { reliability: BestEffort, sn: 3500, ext_qos: QoSType { inner: 5 }, payload: [NetworkMessage { body: Push(Push { wire_expr: 1:Sender:, ext_qos: QoS { priority: Data, congestion: Block, express: false }, ext_tstamp: None, ext_nodeid: NodeIdType { node_id: 0 }, payload: Put(Put { timestamp: None, encoding: Exact(Empty), ext_sinfo: None, ext_attachment: None, ext_unknown: [], payload: ZBuf { slices: [[5b, 20, 20, 20, 33, 34, 39, 39, 5d, 20, 68, 65, 61, 70, 3d, 32, 37, 34, 32, 39, 32, 20, 5b, 45, 53, 50, 49, 44, 46, 5d, 7b, 45, 53, 50, 33, 32, 7d, 20, 20, 5a, 65, 6e, 6f, 68, 2d, 50, 69, 63, 6f, 21]] } }) }) }] }) at io/zenoh-transport/src/unicast/establishment/accept.rs:158.
[2024-03-08T20:11:14Z TRACE z_serial] Frame before COBS encoding [02, 00, 03, 02, AD, 01, BF, FD]
[2024-03-08T20:11:14Z TRACE z_serial] Wrote 10bytes COBS [02, 02, 07, 03, 02, AD, 01, BF, FD, 00]
[2024-03-08T20:11:14Z TRACE zenoh_link_serial::unicast] Closing Serial link: serial//dev/ttyUSB1 => serial/aa3d61db-2d84-4c5b-8bdc-19566dc5f165
[2024-03-08T20:11:14Z TRACE zenoh_link_serial::unicast] Creating serial link from "/dev/ttyUSB1"
[2024-03-08T20:11:14Z TRACE zenoh_transport::unicast::manager] Accepting link... serial//dev/ttyUSB1 => serial/aa3d61db-2d84-4c5b-8bdc-19566dc5f165
[2024-03-08T20:11:14Z TRACE z_serial] Read 40 bytes COBS [32, 37, 34, 32, 39, 32, 20, 5B, 45, 53, 50, 49, 44, 46, 5D, 7B, 45, 53, 50, 33, 32, 7D, 20, 20, 5A, 65, 6E, 6F, 68, 2D, 50, 69, 63, 6F, 21, 34, 81, 3E, FC, 00]
[2024-03-08T20:11:14Z ERROR zenoh_link_serial::unicast] Read error on Serial link serial//dev/ttyUSB1 => serial/aa3d61db-2d84-4c5b-8bdc-19566dc5f165: Unable COBS decode: () at io/zenoh-links/zenoh-link-serial/src/unicast.rs:150.
[2024-03-08T20:11:14Z TRACE z_serial] Read 67 bytes COBS [02, 3B, 40, 05, BF, 1B, DD, 01, 21, 0D, 01, 32, 5B, 20, 20, 20, 33, 35, 31, 38, 5D, 20, 68, 65, 61, 70, 3D, 32, 37, 34, 32, 39, 32, 20, 5B, 45, 53, 50, 49, 44, 46, 5D, 7B, 45, 53, 50, 33, 32, 7D, 20, 20, 5A, 65, 6E, 6F, 68, 2D, 50, 69, 63, 6F, 21, 7F, 6A, E6, FD, 00]
[2024-03-08T20:11:14Z TRACE z_serial] Frame after COBS encoding [3B, 00, 05, BF, 1B, DD, 01, 21, 0D, 01, 32, 5B, 20, 20, 20, 33, 35, 31, 38, 5D, 20, 68, 65, 61, 70, 3D, 32, 37, 34, 32, 39, 32, 20, 5B, 45, 53, 50, 49, 44, 46, 5D, 7B, 45, 53, 50, 33, 32, 7D, 20, 20, 5A, 65, 6E, 6F, 68, 2D, 50, 69, 63, 6F, 21, 7F, 6A, E6, FD]
[2024-03-08T20:11:14Z TRACE z_serial] Received CRC FDE66A7F  Computed CRC FDE66A7F
[2024-03-08T20:11:14Z DEBUG zenoh_transport::unicast::establishment::accept] Received invalid message instead of an InitSyn on serial//dev/ttyUSB1 => serial/aa3d61db-2d84-4c5b-8bdc-19566dc5f165: Frame(Frame { reliability: BestEffort, sn: 3519, ext_qos: QoSType { inner: 5 }, payload: [NetworkMessage { body: Push(Push { wire_expr: 1:Sender:, ext_qos: QoS { priority: Data, congestion: Block, express: false }, ext_tstamp: None, ext_nodeid: NodeIdType { node_id: 0 }, payload: Put(Put { timestamp: None, encoding: Exact(Empty), ext_sinfo: None, ext_attachment: None, ext_unknown: [], payload: ZBuf { slices: [[5b, 20, 20, 20, 33, 35, 31, 38, 5d, 20, 68, 65, 61, 70, 3d, 32, 37, 34, 32, 39, 32, 20, 5b, 45, 53, 50, 49, 44, 46, 5d, 7b, 45, 53, 50, 33, 32, 7d, 20, 20, 5a, 65, 6e, 6f, 68, 2d, 50, 69, 63, 6f, 21]] } }) }) }] }) at io/zenoh-transport/src/unicast/establishment/accept.rs:158.
[2024-03-08T20:11:14Z TRACE z_serial] Frame before COBS encoding [02, 00, 03, 02, AD, 01, BF, FD]
[2024-03-08T20:11:14Z TRACE z_serial] Wrote 10bytes COBS [02, 02, 07, 03, 02, AD, 01, BF, FD, 00]
[2024-03-08T20:11:14Z TRACE zenoh_link_serial::unicast] Closing Serial link: serial//dev/ttyUSB1 => serial/aa3d61db-2d84-4c5b-8bdc-19566dc5f165
[2024-03-08T20:11:14Z TRACE zenoh_link_serial::unicast] Creating serial link from "/dev/ttyUSB1"
[2024-03-08T20:11:14Z TRACE zenoh_transport::unicast::manager] Accepting link... serial//dev/ttyUSB1 => serial/aa3d61db-2d84-4c5b-8bdc-19566dc5f165
[2024-03-08T20:11:14Z TRACE z_serial] Read 2 bytes COBS [FA, 00]
[2024-03-08T20:11:14Z ERROR zenoh_link_serial::unicast] Read error on Serial link serial//dev/ttyUSB1 => serial/aa3d61db-2d84-4c5b-8bdc-19566dc5f165: Unable COBS decode: () at io/zenoh-links/zenoh-link-serial/src/unicast.rs:150.
[2024-03-08T20:11:14Z TRACE z_serial] Read 67 bytes COBS [02, 3B, 40, 05, D1, 1B, DD, 01, 21, 0D, 01, 32, 5B, 20, 20, 20, 33, 35, 33, 36, 5D, 20, 68, 65, 61, 70, 3D, 32, 37, 34, 32, 39, 32, 20, 5B, 45, 53, 50, 49, 44, 46, 5D, 7B, 45, 53, 50, 33, 32, 7D, 20, 20, 5A, 65, 6E, 6F, 68, 2D, 50, 69, 63, 6F, 21, 44, AB, 5B, F8, 00]
[2024-03-08T20:11:14Z TRACE z_serial] Frame after COBS encoding [3B, 00, 05, D1, 1B, DD, 01, 21, 0D, 01, 32, 5B, 20, 20, 20, 33, 35, 33, 36, 5D, 20, 68, 65, 61, 70, 3D, 32, 37, 34, 32, 39, 32, 20, 5B, 45, 53, 50, 49, 44, 46, 5D, 7B, 45, 53, 50, 33, 32, 7D, 20, 20, 5A, 65, 6E, 6F, 68, 2D, 50, 69, 63, 6F, 21, 44, AB, 5B, F8]
[2024-03-08T20:11:14Z TRACE z_serial] Received CRC F85BAB44  Computed CRC F85BAB44
[2024-03-08T20:11:14Z DEBUG zenoh_transport::unicast::establishment::accept] Received invalid message instead of an InitSyn on serial//dev/ttyUSB1 => serial/aa3d61db-2d84-4c5b-8bdc-19566dc5f165: Frame(Frame { reliability: BestEffort, sn: 3537, ext_qos: QoSType { inner: 5 }, payload: [NetworkMessage { body: Push(Push { wire_expr: 1:Sender:, ext_qos: QoS { priority: Data, congestion: Block, express: false }, ext_tstamp: None, ext_nodeid: NodeIdType { node_id: 0 }, payload: Put(Put { timestamp: None, encoding: Exact(Empty), ext_sinfo: None, ext_attachment: None, ext_unknown: [], payload: ZBuf { slices: [[5b, 20, 20, 20, 33, 35, 33, 36, 5d, 20, 68, 65, 61, 70, 3d, 32, 37, 34, 32, 39, 32, 20, 5b, 45, 53, 50, 49, 44, 46, 5d, 7b, 45, 53, 50, 33, 32, 7d, 20, 20, 5a, 65, 6e, 6f, 68, 2d, 50, 69, 63, 6f, 21]] } }) }) }] }) at io/zenoh-transport/src/unicast/establishment/accept.rs:158.
[2024-03-08T20:11:14Z TRACE z_serial] Frame before COBS encoding [02, 00, 03, 02, AD, 01, BF, FD]
[2024-03-08T20:11:14Z TRACE z_serial] Wrote 10bytes COBS [02, 02, 07, 03, 02, AD, 01, BF, FD, 00]
[2024-03-08T20:11:14Z TRACE zenoh_link_serial::unicast] Closing Serial link: serial//dev/ttyUSB1 => serial/aa3d61db-2d84-4c5b-8bdc-19566dc5f165
[2024-03-08T20:11:14Z TRACE zenoh_link_serial::unicast] Creating serial link from "/dev/ttyUSB1"
[2024-03-08T20:11:14Z TRACE zenoh_transport::unicast::manager] Accepting link... serial//dev/ttyUSB1 => serial/aa3d61db-2d84-4c5b-8bdc-19566dc5f165
[2024-03-08T20:11:14Z TRACE z_serial] Read 52 bytes COBS [20, 33, 35, 35, 35, 5D, 20, 68, 65, 61, 70, 3D, 32, 37, 34, 32, 39, 32, 20, 5B, 45, 53, 50, 49, 44, 46, 5D, 7B, 45, 53, 50, 33, 32, 7D, 20, 20, 5A, 65, 6E, 6F, 68, 2D, 50, 69, 63, 6F, 21, F8, D5, 16, FE, 00]
[2024-03-08T20:11:14Z ERROR zenoh_link_serial::unicast] Read error on Serial link serial//dev/ttyUSB1 => serial/aa3d61db-2d84-4c5b-8bdc-19566dc5f165: Unable COBS decode: () at io/zenoh-links/zenoh-link-serial/src/unicast.rs:150.
[2024-03-08T20:11:14Z TRACE z_serial] Read 67 bytes COBS [02, 3B, 40, 05, E5, 1B, DD, 01, 21, 0D, 01, 32, 5B, 20, 20, 20, 33, 35, 35, 36, 5D, 20, 68, 65, 61, 70, 3D, 32, 37, 34, 32, 39, 32, 20, 5B, 45, 53, 50, 49, 44, 46, 5D, 7B, 45, 53, 50, 33, 32, 7D, 20, 20, 5A, 65, 6E, 6F, 68, 2D, 50, 69, 63, 6F, 21, 53, 7C, A9, FC, 00]
[2024-03-08T20:11:14Z TRACE z_serial] Frame after COBS encoding [3B, 00, 05, E5, 1B, DD, 01, 21, 0D, 01, 32, 5B, 20, 20, 20, 33, 35, 35, 36, 5D, 20, 68, 65, 61, 70, 3D, 32, 37, 34, 32, 39, 32, 20, 5B, 45, 53, 50, 49, 44, 46, 5D, 7B, 45, 53, 50, 33, 32, 7D, 20, 20, 5A, 65, 6E, 6F, 68, 2D, 50, 69, 63, 6F, 21, 53, 7C, A9, FC]
[2024-03-08T20:11:14Z TRACE z_serial] Received CRC FCA97C53  Computed CRC FCA97C53
[2024-03-08T20:11:14Z DEBUG zenoh_transport::unicast::establishment::accept] Received invalid message instead of an InitSyn on serial//dev/ttyUSB1 => serial/aa3d61db-2d84-4c5b-8bdc-19566dc5f165: Frame(Frame { reliability: BestEffort, sn: 3557, ext_qos: QoSType { inner: 5 }, payload: [NetworkMessage { body: Push(Push { wire_expr: 1:Sender:, ext_qos: QoS { priority: Data, congestion: Block, express: false }, ext_tstamp: None, ext_nodeid: NodeIdType { node_id: 0 }, payload: Put(Put { timestamp: None, encoding: Exact(Empty), ext_sinfo: None, ext_attachment: None, ext_unknown: [], payload: ZBuf { slices: [[5b, 20, 20, 20, 33, 35, 35, 36, 5d, 20, 68, 65, 61, 70, 3d, 32, 37, 34, 32, 39, 32, 20, 5b, 45, 53, 50, 49, 44, 46, 5d, 7b, 45, 53, 50, 33, 32, 7d, 20, 20, 5a, 65, 6e, 6f, 68, 2d, 50, 69, 63, 6f, 21]] } }) }) }] }) at io/zenoh-transport/src/unicast/establishment/accept.rs:158.
[2024-03-08T20:11:14Z TRACE z_serial] Frame before COBS encoding [02, 00, 03, 02, AD, 01, BF, FD]
[2024-03-08T20:11:14Z TRACE z_serial] Wrote 10bytes COBS [02, 02, 07, 03, 02, AD, 01, BF, FD, 00]
[2024-03-08T20:11:14Z TRACE zenoh_link_serial::unicast] Closing Serial link: serial//dev/ttyUSB1 => serial/aa3d61db-2d84-4c5b-8bdc-19566dc5f165
[2024-03-08T20:11:14Z TRACE zenoh_link_serial::unicast] Creating serial link from "/dev/ttyUSB1"
[2024-03-08T20:11:14Z TRACE zenoh_transport::unicast::manager] Accepting link... serial//dev/ttyUSB1 => serial/aa3d61db-2d84-4c5b-8bdc-19566dc5f165
