lieven@pcdell:~/Developer/zenoh-projects/scripts$ 
lieven@pcdell:~/Developer/zenoh-projects/scripts$ 
lieven@pcdell:~/Developer/zenoh-projects/scripts$ 
lieven@pcdell:~/Developer/zenoh-projects/scripts$ 
lieven@pcdell:~/Developer/zenoh-projects/scripts$ 
lieven@pcdell:~/Developer/zenoh-projects/scripts$ 
lieven@pcdell:~/Developer/zenoh-projects/scripts$ ./zenoh_serial.sh 
++ RUST_LOG=trace
++ ../../zenoh/target/release/zenohd --no-multicast-scouting -l serial//dev/ttyUSB0#baudrate=115200 -l tcp/127.0.0.1:7447 --cfg=transport/unicast/open_timeout:1000 --cfg=transport/unicast/accept_timeout:100000000
2025-03-22T20:25:07.752467Z  INFO main ThreadId(01) zenohd: zenohd v1.2.1 built with rustc 1.75.0 (82e1608df 2023-12-21)
2025-03-22T20:25:07.752893Z DEBUG main ThreadId(01) zenohd: Config: Config(Config { id: f512742a32c20b59287b365e5604b93a, metadata: Null, mode: Some(Router), connect: ConnectConfig { timeout_ms: None, endpoints: Unique([]), exit_on_failure: None, retry: None }, listen: ListenConfig { timeout_ms: None, endpoints: Unique([serial//dev/ttyUSB0#baudrate=115200, tcp/127.0.0.1:7447]), exit_on_failure: None, retry: None }, open: OpenConf { return_conditions: ReturnConditionsConf { connect_scouted: None, declares: None } }, scouting: ScoutingConf { timeout: None, delay: None, multicast: ScoutingMulticastConf { enabled: Some(false), address: None, interface: None, ttl: None, autoconnect: None, listen: None }, gossip: GossipConf { enabled: None, multihop: None, target: None, autoconnect: None } }, timestamping: TimestampingConf { enabled: None, drop_future_timestamp: None }, queries_default_timeout: None, routing: RoutingConf { router: RouterRoutingConf { peers_failover_brokering: None }, peer: PeerRoutingConf { mode: None }, interests: InterestsConf { timeout: None } }, aggregation: AggregationConf { subscribers: [], publishers: [] }, qos: QoSConfig { publication: PublisherQoSConfList([]) }, transport: TransportConf { unicast: TransportUnicastConf { open_timeout: 1000, accept_timeout: 100000000, accept_pending: 100, max_sessions: 1000, max_links: 1, lowlatency: false, qos: QoSUnicastConf { enabled: true }, compression: CompressionUnicastConf { enabled: false } }, multicast: TransportMulticastConf { join_interval: Some(2500), max_sessions: Some(1000), qos: QoSMulticastConf { enabled: false }, compression: CompressionMulticastConf { enabled: false } }, link: TransportLinkConf { protocols: None, tx: LinkTxConf { sequence_number_resolution: U32, lease: 10000, keep_alive: 4, batch_size: 65535, queue: QueueConf { size: QueueSizeConf { control: 2, real_time: 2, interactive_high: 2, interactive_low: 2, data_high: 2, data: 2, data_low: 2, background: 2 }, congestion_control: CongestionControlConf { drop: CongestionControlDropConf { wait_before_drop: 1000, max_wait_before_drop_fragments: 50000 }, block: CongestionControlBlockConf { wait_before_close: 5000000 } }, batching: BatchingConf { enabled: true, time_limit: 1 }, allocation: QueueAllocConf { mode: Lazy } }, threads: 1 }, rx: LinkRxConf { buffer_size: 65535, max_message_size: 1073741824 }, tls: TLSConf { root_ca_certificate: None, listen_private_key: None, listen_certificate: None, enable_mtls: None, connect_private_key: None, connect_certificate: None, verify_name_on_connect: None, close_link_on_expiration: None, so_sndbuf: None, so_rcvbuf: None, root_ca_certificate_base64: None, listen_private_key_base64: None, listen_certificate_base64: None, connect_private_key_base64: None, connect_certificate_base64: None }, tcp: TcpConf { so_sndbuf: None, so_rcvbuf: None }, unixpipe: UnixPipeConf { file_access_mask: None } }, shared_memory: ShmConf { enabled: true, mode: Lazy }, auth: AuthConf { usrpwd: UsrPwdConf { user: None, password: None, dictionary_file: None }, pubkey: PubKeyConf { public_key_pem: None, private_key_pem: None, public_key_file: None, private_key_file: None, key_size: None, known_keys_file: None } } }, adminspace: AdminSpaceConf { enabled: true, permissions: PermissionsConf { read: true, write: false } }, downsampling: [], access_control: AclConfig { enabled: false, default_permission: Deny, rules: None, subjects: None, policies: None }, plugins_loading: PluginsLoading { enabled: true, search_dirs: LibSearchDirs([Spec(LibSearchSpec { kind: CurrentExeParent, value: None }), Path("."), Path("~/.zenoh/lib"), Path("/opt/homebrew/lib"), Path("/usr/local/lib"), Path("/usr/lib")]) }, plugins: Object {} })
2025-03-22T20:25:07.753002Z  INFO main ThreadId(01) zenohd: Initial conf: {"access_control":{"default_permission":"deny","enabled":false,"policies":null,"rules":null,"subjects":null},"adminspace":{"enabled":true,"permissions":{"read":true,"write":false}},"aggregation":{"publishers":[],"subscribers":[]},"connect":{"endpoints":[],"exit_on_failure":null,"retry":null,"timeout_ms":null},"downsampling":[],"id":"f512742a32c20b59287b365e5604b93a","listen":{"endpoints":["serial//dev/ttyUSB0#baudrate=115200","tcp/127.0.0.1:7447"],"exit_on_failure":null,"retry":null,"timeout_ms":null},"metadata":null,"mode":"router","open":{"return_conditions":{"connect_scouted":null,"declares":null}},"plugins":{},"plugins_loading":{"enabled":true,"search_dirs":[{"kind":"current_exe_parent","value":null},".","~/.zenoh/lib","/opt/homebrew/lib","/usr/local/lib","/usr/lib"]},"qos":{"publication":[]},"queries_default_timeout":null,"routing":{"interests":{"timeout":null},"peer":{"mode":null},"router":{"peers_failover_brokering":null}},"scouting":{"delay":null,"gossip":{"autoconnect":null,"enabled":null,"multihop":null,"target":null},"multicast":{"address":null,"autoconnect":null,"enabled":false,"interface":null,"listen":null,"ttl":null},"timeout":null},"timestamping":{"drop_future_timestamp":null,"enabled":null},"transport":{"auth":{"pubkey":{"key_size":null,"known_keys_file":null,"private_key_file":null,"private_key_pem":null,"public_key_file":null,"public_key_pem":null},"usrpwd":{"dictionary_file":null,"password":null,"user":null}},"link":{"protocols":null,"rx":{"buffer_size":65535,"max_message_size":1073741824},"tcp":{"so_rcvbuf":null,"so_sndbuf":null},"tls":{"close_link_on_expiration":null,"connect_certificate":null,"connect_private_key":null,"enable_mtls":null,"listen_certificate":null,"listen_private_key":null,"root_ca_certificate":null,"so_rcvbuf":null,"so_sndbuf":null,"verify_name_on_connect":null},"tx":{"batch_size":65535,"keep_alive":4,"lease":10000,"queue":{"allocation":{"mode":"lazy"},"batching":{"enabled":true,"time_limit":1},"congestion_control":{"block":{"wait_before_close":5000000},"drop":{"max_wait_before_drop_fragments":50000,"wait_before_drop":1000}},"size":{"background":2,"control":2,"data":2,"data_high":2,"data_low":2,"interactive_high":2,"interactive_low":2,"real_time":2}},"sequence_number_resolution":"32bit","threads":1},"unixpipe":{"file_access_mask":null}},"multicast":{"compression":{"enabled":false},"join_interval":2500,"max_sessions":1000,"qos":{"enabled":false}},"shared_memory":{"enabled":true,"mode":"lazy"},"unicast":{"accept_pending":100,"accept_timeout":100000000,"compression":{"enabled":false},"lowlatency":false,"max_links":1,"max_sessions":1000,"open_timeout":1000,"qos":{"enabled":true}}}}
2025-03-22T20:25:07.753288Z DEBUG main ThreadId(01) zenoh::api::session: Config: Config(Config { id: f512742a32c20b59287b365e5604b93a, metadata: Null, mode: Some(Router), connect: ConnectConfig { timeout_ms: None, endpoints: Unique([]), exit_on_failure: None, retry: None }, listen: ListenConfig { timeout_ms: None, endpoints: Unique([serial//dev/ttyUSB0#baudrate=115200, tcp/127.0.0.1:7447]), exit_on_failure: None, retry: None }, open: OpenConf { return_conditions: ReturnConditionsConf { connect_scouted: None, declares: None } }, scouting: ScoutingConf { timeout: None, delay: None, multicast: ScoutingMulticastConf { enabled: Some(false), address: None, interface: None, ttl: None, autoconnect: None, listen: None }, gossip: GossipConf { enabled: None, multihop: None, target: None, autoconnect: None } }, timestamping: TimestampingConf { enabled: None, drop_future_timestamp: None }, queries_default_timeout: None, routing: RoutingConf { router: RouterRoutingConf { peers_failover_brokering: None }, peer: PeerRoutingConf { mode: None }, interests: InterestsConf { timeout: None } }, aggregation: AggregationConf { subscribers: [], publishers: [] }, qos: QoSConfig { publication: PublisherQoSConfList([]) }, transport: TransportConf { unicast: TransportUnicastConf { open_timeout: 1000, accept_timeout: 100000000, accept_pending: 100, max_sessions: 1000, max_links: 1, lowlatency: false, qos: QoSUnicastConf { enabled: true }, compression: CompressionUnicastConf { enabled: false } }, multicast: TransportMulticastConf { join_interval: Some(2500), max_sessions: Some(1000), qos: QoSMulticastConf { enabled: false }, compression: CompressionMulticastConf { enabled: false } }, link: TransportLinkConf { protocols: None, tx: LinkTxConf { sequence_number_resolution: U32, lease: 10000, keep_alive: 4, batch_size: 65535, queue: QueueConf { size: QueueSizeConf { control: 2, real_time: 2, interactive_high: 2, interactive_low: 2, data_high: 2, data: 2, data_low: 2, background: 2 }, congestion_control: CongestionControlConf { drop: CongestionControlDropConf { wait_before_drop: 1000, max_wait_before_drop_fragments: 50000 }, block: CongestionControlBlockConf { wait_before_close: 5000000 } }, batching: BatchingConf { enabled: true, time_limit: 1 }, allocation: QueueAllocConf { mode: Lazy } }, threads: 1 }, rx: LinkRxConf { buffer_size: 65535, max_message_size: 1073741824 }, tls: TLSConf { root_ca_certificate: None, listen_private_key: None, listen_certificate: None, enable_mtls: None, connect_private_key: None, connect_certificate: None, verify_name_on_connect: None, close_link_on_expiration: None, so_sndbuf: None, so_rcvbuf: None, root_ca_certificate_base64: None, listen_private_key_base64: None, listen_certificate_base64: None, connect_private_key_base64: None, connect_certificate_base64: None }, tcp: TcpConf { so_sndbuf: None, so_rcvbuf: None }, unixpipe: UnixPipeConf { file_access_mask: None } }, shared_memory: ShmConf { enabled: true, mode: Lazy }, auth: AuthConf { usrpwd: UsrPwdConf { user: None, password: None, dictionary_file: None }, pubkey: PubKeyConf { public_key_pem: None, private_key_pem: None, public_key_file: None, private_key_file: None, key_size: None, known_keys_file: None } } }, adminspace: AdminSpaceConf { enabled: true, permissions: PermissionsConf { read: true, write: false } }, downsampling: [], access_control: AclConfig { enabled: false, default_permission: Deny, rules: None, subjects: None, policies: None }, plugins_loading: PluginsLoading { enabled: true, search_dirs: LibSearchDirs([Spec(LibSearchSpec { kind: CurrentExeParent, value: None }), Path("."), Path("~/.zenoh/lib"), Path("/opt/homebrew/lib"), Path("/usr/local/lib"), Path("/usr/lib")]) }, plugins: Object {} })
2025-03-22T20:25:07.753383Z DEBUG main ThreadId(01) zenoh::net::runtime: Zenoh Rust API v1.2.1
2025-03-22T20:25:07.753393Z  INFO main ThreadId(01) zenoh::net::runtime: Using ZID: f512742a32c20b59287b365e5604b93a
2025-03-22T20:25:07.753414Z DEBUG main ThreadId(01) zenoh::net::routing::interceptor::access_control: Access control is disabled
2025-03-22T20:25:07.753656Z DEBUG main ThreadId(01) zenoh::net::routing::hat::router::network: [Routers network] Add node (self) f512742a32c20b59287b365e5604b93a
2025-03-22T20:25:07.753670Z DEBUG main ThreadId(01) zenoh::net::routing::hat::router::network: [Peers network] Add node (self) f512742a32c20b59287b365e5604b93a
2025-03-22T20:25:07.753716Z DEBUG main ThreadId(01) zenoh::net::routing::router: New Face{0, f512742a32c20b59287b365e5604b93a}
2025-03-22T20:25:07.753728Z DEBUG main ThreadId(01) zenoh::net::routing::dispatcher::queries: Face{0, f512742a32c20b59287b365e5604b93a} Declare queryable 2 (@/f512742a32c20b59287b365e5604b93a/router/**)
2025-03-22T20:25:07.753752Z DEBUG main ThreadId(01) zenoh::net::routing::dispatcher::resource: Register resource @/f512742a32c20b59287b365e5604b93a/router/**
2025-03-22T20:25:07.753798Z DEBUG main ThreadId(01) zenoh::net::routing::dispatcher::pubsub: Face{0, f512742a32c20b59287b365e5604b93a} Declare subscriber 3 (@/f512742a32c20b59287b365e5604b93a/router/config/**)
2025-03-22T20:25:07.753818Z DEBUG main ThreadId(01) zenoh::net::routing::dispatcher::resource: Register resource @/f512742a32c20b59287b365e5604b93a/router/config/**
2025-03-22T20:25:07.753843Z DEBUG main ThreadId(01) zenoh::net::routing::router: New Face{1, f512742a32c20b59287b365e5604b93a}
2025-03-22T20:25:07.753863Z TRACE main ThreadId(01) zenoh::api::session: declare_queryable(ke`@/f512742a32c20b59287b365e5604b93a/session/**`)
2025-03-22T20:25:07.753887Z TRACE main ThreadId(01) zenoh::api::session: declare_queryable(ke`@adv/pub/f512742a32c20b59287b365e5604b93a/_/_/@/@/f512742a32c20b59287b365e5604b93a/session/**`)
2025-03-22T20:25:07.753909Z DEBUG main ThreadId(01) zenoh::net::runtime::orchestrator: Try to add listener: serial//dev/ttyUSB0#baudrate=115200: ConnectionRetryConf { exit_on_failure: true, period_init_ms: 1000, period_max_ms: 4000, period_increase_factor: 2.0 }
2025-03-22T20:25:07.754021Z DEBUG main ThreadId(01) zenoh::net::runtime::orchestrator: Listener added: serial//dev/ttyUSB0
2025-03-22T20:25:07.754034Z DEBUG main ThreadId(01) zenoh::net::runtime::orchestrator: Try to add listener: tcp/127.0.0.1:7447: ConnectionRetryConf { exit_on_failure: true, period_init_ms: 1000, period_max_ms: 4000, period_increase_factor: 2.0 }
2025-03-22T20:25:07.754057Z TRACE acc-0 ThreadId(08) zenoh_link_serial::unicast: Ready to accept Serial connections on: "/dev/ttyUSB0"
2025-03-22T20:25:07.754111Z DEBUG  main ThreadId(01) zenoh::net::runtime::orchestrator: Listener added: tcp/127.0.0.1:7447
2025-03-22T20:25:07.754118Z TRACE acc-0 ThreadId(08) zenoh_link_tcp::unicast: Ready to accept TCP connections on: 127.0.0.1:7447
2025-03-22T20:25:07.754139Z  INFO  main ThreadId(01) zenoh::net::runtime::orchestrator: Zenoh can be reached at: serial//dev/ttyUSB0
2025-03-22T20:25:07.754168Z  INFO  main ThreadId(01) zenoh::net::runtime::orchestrator: Zenoh can be reached at: tcp/127.0.0.1:7447
2025-03-22T20:25:07.855281Z TRACE acc-0 ThreadId(08) zenoh_link_serial::unicast: Creating Serial listener on device "/dev/ttyUSB0", with baudrate 115200 and exclusive set as true
2025-03-22T20:25:07.855336Z DEBUG acc-0 ThreadId(08) mio_serial: opening serial port in synchronous blocking mode    
2025-03-22T20:25:07.859259Z DEBUG acc-0 ThreadId(08) mio_serial: switching /dev/ttyUSB0 to asynchronous mode    
2025-03-22T20:25:07.859283Z DEBUG acc-0 ThreadId(08) mio_serial: setting VMIN = 1    
2025-03-22T20:25:07.859316Z DEBUG acc-0 ThreadId(08) mio_serial: setting O_NONBLOCK flag    
2025-03-22T20:25:07.859348Z TRACE acc-0 ThreadId(08) zenoh_link_serial::unicast: I'm cleaning the buffers
2025-03-22T20:25:07.859358Z TRACE acc-0 ThreadId(08) z_serial: Waiting for connection    
2025-03-22T20:25:10.350039Z TRACE acc-0 ThreadId(08) z_serial: Read 9 bytes COBS [02, 01, 01, 01, 01, 01, 01, 01, 00]    
2025-03-22T20:25:10.350062Z TRACE acc-0 ThreadId(08) z_serial: Frame after COBS encoding [01, 00, 00, 00, 00, 00, 00]    
2025-03-22T20:25:10.350072Z TRACE acc-0 ThreadId(08) z_serial: Received CRC 00  Computed CRC 00    
2025-03-22T20:25:10.350086Z TRACE acc-0 ThreadId(08) z_serial: Received header: Header(01)    
2025-03-22T20:25:10.350146Z TRACE acc-0 ThreadId(08) z_serial: Frame before COBS encoding [03, 00, 00, 00, 00, 00, 00]    
2025-03-22T20:25:10.350154Z TRACE acc-0 ThreadId(08) z_serial: Wrote 9bytes COBS [02, 03, 01, 01, 01, 01, 01, 01, 00]    
2025-03-22T20:25:10.355757Z TRACE acc-0 ThreadId(08) zenoh_link_serial::unicast: Creating serial link from "/dev/ttyUSB0"
2025-03-22T20:25:10.355835Z TRACE net-0 ThreadId(07) zenoh_transport::unicast::manager: Accepting link... serial//dev/ttyUSB0 => serial/056a902a-f4fc-4718-9d0c-91617eafabcc
2025-03-22T20:25:10.373167Z TRACE acc-0 ThreadId(08) z_serial: Read 33 bytes COBS [01, 02, 18, 1D, C1, 09, F2, 2D, CF, 46, 29, 04, B4, 78, D8, 68, A7, FF, 3F, 2B, F1, FC, D9, 0A, 20, 03, 27, 01, 7B, 2D, 7D, F9, 00]    
2025-03-22T20:25:10.373195Z TRACE acc-0 ThreadId(08) z_serial: Frame after COBS encoding [00, 18, 00, C1, 09, F2, 2D, CF, 46, 29, 04, B4, 78, D8, 68, A7, FF, 3F, 2B, F1, FC, D9, 0A, 20, 03, 27, 01, 7B, 2D, 7D, F9]    
2025-03-22T20:25:10.373222Z TRACE acc-0 ThreadId(08) z_serial: Received CRC F97D2D7B  Computed CRC F97D2D7B    
2025-03-22T20:25:10.373247Z TRACE acc-0 ThreadId(08) zenoh_transport::unicast::establishment::accept: Establishment Accept InitSyn: serial//dev/ttyUSB0 => serial/056a902a-f4fc-4718-9d0c-91617eafabcc. Received: TransportMessage { body: InitSyn(InitSyn { version: 9, whatami: Client, zid: d9fcf12b3fffa768d878b4042946cf2d, resolution: Resolution(10), batch_size: 800, ext_qos: None, ext_qos_link: None, ext_auth: None, ext_mlink: None, ext_lowlatency: None, ext_compression: None, ext_patch: PatchType(1) }) }
2025-03-22T20:25:10.373382Z TRACE acc-0 ThreadId(08) z_serial: Frame before COBS encoding [00, 4A, 00, E1, 09, F0, 3A, B9, 04, 56, 5E, 36, 7B, 28, 59, 0B, C2, 32, 2A, 74, 12, F5, 0A, 20, 03, 31, 30, D8, 20, 35, C9, 04, EA, E6, 04, 33, A5, 3D, F0, DF, C3, 7B, 63, A6, 37, 4B, 7B, 72, E1, 4C, E3, BD, 1B, 87, 13, 8B, EE, 55, 17, F5, C3, A2, 69, 31, 67, 17, BB, 04, 54, 48, A5, A7, 30, 36, 49, 27, 01, 6D, 3B, D2, FC]    
2025-03-22T20:25:10.373394Z TRACE acc-0 ThreadId(08) z_serial: Wrote 83bytes COBS [01, 02, 4A, 4F, E1, 09, F0, 3A, B9, 04, 56, 5E, 36, 7B, 28, 59, 0B, C2, 32, 2A, 74, 12, F5, 0A, 20, 03, 31, 30, D8, 20, 35, C9, 04, EA, E6, 04, 33, A5, 3D, F0, DF, C3, 7B, 63, A6, 37, 4B, 7B, 72, E1, 4C, E3, BD, 1B, 87, 13, 8B, EE, 55, 17, F5, C3, A2, 69, 31, 67, 17, BB, 04, 54, 48, A5, A7, 30, 36, 49, 27, 01, 6D, 3B, D2, FC, 00]    
2025-03-22T20:25:10.387761Z TRACE acc-0 ThreadId(08) zenoh_transport::unicast::establishment::accept: Establishment Accept InitAck: serial//dev/ttyUSB0 => serial/056a902a-f4fc-4718-9d0c-91617eafabcc. Sent: TransportMessage { body: InitAck(InitAck { version: 9, whatami: Router, zid: f512742a32c20b59287b365e5604b93a, resolution: Resolution(10), batch_size: 800, cookie: [30, d8, 20, 35, c9, 04, ea, e6, 04, 33, a5, 3d, f0, df, c3, 7b, 63, a6, 37, 4b, 7b, 72, e1, 4c, e3, bd, 1b, 87, 13, 8b, ee, 55, 17, f5, c3, a2, 69, 31, 67, 17, bb, 04, 54, 48, a5, a7, 30, 36, 49], ext_qos: None, ext_qos_link: None, ext_auth: None, ext_mlink: None, ext_lowlatency: None, ext_compression: None, ext_patch: PatchType(1) }) }
2025-03-22T20:25:10.419181Z TRACE acc-0 ThreadId(08) z_serial: Read 62 bytes COBS [01, 02, 35, 03, 42, 0A, 35, 31, 30, D8, 20, 35, C9, 04, EA, E6, 04, 33, A5, 3D, F0, DF, C3, 7B, 63, A6, 37, 4B, 7B, 72, E1, 4C, E3, BD, 1B, 87, 13, 8B, EE, 55, 17, F5, C3, A2, 69, 31, 67, 17, BB, 04, 54, 48, A5, A7, 30, 36, 49, F1, 18, 02, FB, 00]    
2025-03-22T20:25:10.419225Z TRACE acc-0 ThreadId(08) z_serial: Frame after COBS encoding [00, 35, 00, 42, 0A, 00, 31, 30, D8, 20, 35, C9, 04, EA, E6, 04, 33, A5, 3D, F0, DF, C3, 7B, 63, A6, 37, 4B, 7B, 72, E1, 4C, E3, BD, 1B, 87, 13, 8B, EE, 55, 17, F5, C3, A2, 69, 31, 67, 17, BB, 04, 54, 48, A5, A7, 30, 36, 49, F1, 18, 00, FB]    
2025-03-22T20:25:10.419258Z TRACE acc-0 ThreadId(08) z_serial: Received CRC FB0018F1  Computed CRC FB0018F1    
2025-03-22T20:25:10.419294Z TRACE acc-0 ThreadId(08) zenoh_transport::unicast::establishment::accept: Establishment Accept OpenSyn: serial//dev/ttyUSB0 => serial/056a902a-f4fc-4718-9d0c-91617eafabcc. Received: TransportMessage { body: OpenSyn(OpenSyn { lease: 10s, initial_sn: 0, cookie: [30, d8, 20, 35, c9, 04, ea, e6, 04, 33, a5, 3d, f0, df, c3, 7b, 63, a6, 37, 4b, 7b, 72, e1, 4c, e3, bd, 1b, 87, 13, 8b, ee, 55, 17, f5, c3, a2, 69, 31, 67, 17, bb, 04, 54, 48, a5, a7, 30, 36, 49], ext_qos: None, ext_auth: None, ext_mlink: None, ext_lowlatency: None, ext_compression: None }) }
2025-03-22T20:25:10.419398Z TRACE acc-0 ThreadId(08) zenoh_transport::unicast::establishment::accept: Establishment Accept OpenAck: serial//dev/ttyUSB0 => serial/056a902a-f4fc-4718-9d0c-91617eafabcc. Sent: OpenAck { lease: 10s, initial_sn: 110157959, ext_qos: None, ext_auth: None, ext_mlink: None, ext_lowlatency: None, ext_compression: None }
2025-03-22T20:25:10.419439Z DEBUG acc-0 ThreadId(08) zenoh_transport::unicast::manager: Will use Universal transport!
2025-03-22T20:25:10.421431Z TRACE acc-0 ThreadId(08) zenoh_link_serial::unicast: get_interface_names for serial: ["ttyS0", "ttyACM0", "ttyUSB0", "ttyACM1"]
2025-03-22T20:25:10.423822Z TRACE acc-0 ThreadId(08) z_serial: Frame before COBS encoding [00, 06, 00, 62, 0A, 87, C1, C3, 34, D9, 1E, 77, FD]    
2025-03-22T20:25:10.423859Z TRACE acc-0 ThreadId(08) z_serial: Wrote 15bytes COBS [01, 02, 06, 0B, 62, 0A, 87, C1, C3, 34, D9, 1E, 77, FD, 00]    
2025-03-22T20:25:10.433620Z TRACE acc-0 ThreadId(08) zenoh_link_serial::unicast: get_interface_names for serial: ["ttyS0", "ttyACM0", "ttyUSB0", "ttyACM1"]
2025-03-22T20:25:10.433686Z DEBUG acc-0 ThreadId(08) zenoh::net::routing::router: New Face{2, d9fcf12b3fffa768d878b4042946cf2d}
2025-03-22T20:25:10.433877Z DEBUG acc-0 ThreadId(08) zenoh_transport::unicast::manager: New transport opened between f512742a32c20b59287b365e5604b93a and d9fcf12b3fffa768d878b4042946cf2d - whatami: client, sn resolution: U32, initial sn: 110157959, qos: false, multilink: false, lowlatency: false
2025-03-22T20:25:10.433896Z DEBUG acc-0 ThreadId(08) zenoh_transport::unicast::establishment::accept: New transport link accepted from d9fcf12b3fffa768d878b4042946cf2d to f512742a32c20b59287b365e5604b93a: TransportLinkUnicast { link: Link { src: serial//dev/ttyUSB0, dst: serial/056a902a-f4fc-4718-9d0c-91617eafabcc, mtu: 1500, is_reliable: false, is_streamed: false }, config: TransportLinkUnicastConfig { direction: Inbound, batch: BatchConfig { mtu: 800, is_streamed: false, is_compression: false }, priorities: None, reliability: None } }
2025-03-22T20:25:10.439476Z TRACE  rx-1 ThreadId(12) zenoh_link_serial::unicast: get_interface_names for serial: ["ttyS0", "ttyACM0", "ttyUSB0", "ttyACM1"]
2025-03-22T20:25:10.447409Z ERROR  rx-0 ThreadId(11) zenoh_link_serial::unicast: Read error on Serial link serial//dev/ttyUSB0 => serial/056a902a-f4fc-4718-9d0c-91617eafabcc: Recv buffer is too small, required minimum 1500 at io/zenoh-links/zenoh-link-serial/src/unicast.rs:164.
2025-03-22T20:25:10.447465Z DEBUG  rx-0 ThreadId(11) zenoh_transport::unicast::universal::link: RX task failed: Read error on Serial link serial//dev/ttyUSB0 => serial/056a902a-f4fc-4718-9d0c-91617eafabcc: Read error on Serial link serial//dev/ttyUSB0 => serial/056a902a-f4fc-4718-9d0c-91617eafabcc: Recv buffer is too small, required minimum 1500 at io/zenoh-links/zenoh-link-serial/src/unicast.rs:164. at io/zenoh-links/zenoh-link-serial/src/unicast.rs:167.
2025-03-22T20:25:10.449180Z TRACE  rx-0 ThreadId(11) zenoh_link_serial::unicast: get_interface_names for serial: ["ttyS0", "ttyACM0", "ttyUSB0", "ttyACM1"]
2025-03-22T20:25:10.450876Z TRACE  rx-0 ThreadId(11) zenoh_link_serial::unicast: get_interface_names for serial: ["ttyS0", "ttyACM0", "ttyUSB0", "ttyACM1"]
2025-03-22T20:25:10.450944Z DEBUG  rx-0 ThreadId(11) zenoh_transport::unicast::universal::transport: [f512742a32c20b59287b365e5604b93a] Closing transport with peer: d9fcf12b3fffa768d878b4042946cf2d
2025-03-22T20:25:10.450974Z TRACE  rx-0 ThreadId(11) zenoh_transport::unicast::universal::link: serial//dev/ttyUSB0 => serial/056a902a-f4fc-4718-9d0c-91617eafabcc: closing
2025-03-22T20:25:10.451040Z TRACE  rx-0 ThreadId(11) zenoh_link_serial::unicast: Closing Serial link: serial//dev/ttyUSB0 => serial/056a902a-f4fc-4718-9d0c-91617eafabcc
2025-03-22T20:25:10.510058Z DEBUG  rx-0 ThreadId(11) zenoh::net::routing::dispatcher::face: Close Face{2, d9fcf12b3fffa768d878b4042946cf2d}
2025-03-22T20:25:10.557264Z TRACE acc-0 ThreadId(08) zenoh_link_serial::unicast: Creating Serial listener on device "/dev/ttyUSB0", with baudrate 115200 and exclusive set as true
2025-03-22T20:25:10.557302Z DEBUG acc-0 ThreadId(08) mio_serial: opening serial port in synchronous blocking mode    
2025-03-22T20:25:10.560737Z DEBUG acc-0 ThreadId(08) mio_serial: switching /dev/ttyUSB0 to asynchronous mode    
2025-03-22T20:25:10.560818Z DEBUG acc-0 ThreadId(08) mio_serial: setting VMIN = 1    
2025-03-22T20:25:10.560876Z DEBUG acc-0 ThreadId(08) mio_serial: setting O_NONBLOCK flag    
2025-03-22T20:25:10.560953Z TRACE acc-0 ThreadId(08) zenoh_link_serial::unicast: I'm cleaning the buffers
2025-03-22T20:25:10.561025Z TRACE acc-0 ThreadId(08) z_serial: Waiting for connection    
2025-03-22T20:25:10.574043Z TRACE acc-0 ThreadId(08) z_serial: Read 36 bytes COBS [01, 02, 1B, 06, 25, 01, 79, 02, F3, 1A, 14, 73, 72, 63, 2F, 73, 74, 6D, 33, 32, 2F, 7A, 65, 6E, 6F, 68, 2D, 70, 69, 63, 6F, D4, 73, 16, FF, 00]    
2025-03-22T20:25:10.574085Z TRACE acc-0 ThreadId(08) z_serial: Frame after COBS encoding [00, 1B, 00, 25, 01, 79, 02, F3, 00, 14, 73, 72, 63, 2F, 73, 74, 6D, 33, 32, 2F, 7A, 65, 6E, 6F, 68, 2D, 70, 69, 63, 6F, D4, 73, 16, FF]    
2025-03-22T20:25:10.574107Z TRACE acc-0 ThreadId(08) z_serial: Received CRC FF1673D4  Computed CRC FF1673D4    
2025-03-22T20:25:10.574122Z TRACE acc-0 ThreadId(08) z_serial: Received header: Header(00)    
2025-03-22T20:25:10.588166Z TRACE acc-0 ThreadId(08) z_serial: Read 19 bytes COBS [01, 02, 0A, 06, 25, 02, 1E, 20, 02, 09, 03, 73, 72, 63, 87, B2, 0F, F9, 00]    
2025-03-22T20:25:10.588311Z TRACE acc-0 ThreadId(08) z_serial: Frame after COBS encoding [00, 0A, 00, 25, 02, 1E, 20, 02, 00, 03, 73, 72, 63, 87, B2, 0F, F9]    
2025-03-22T20:25:10.588335Z TRACE acc-0 ThreadId(08) z_serial: Received CRC F90FB287  Computed CRC F90FB287    
2025-03-22T20:25:10.588387Z TRACE acc-0 ThreadId(08) z_serial: Received header: Header(00)    
2025-03-22T20:25:10.603056Z TRACE acc-0 ThreadId(08) z_serial: Read 19 bytes COBS [01, 02, 0A, 0F, 25, 03, 1E, 62, 03, 02, 03, 2F, 2A, 2A, D7, BB, BD, FD, 00]    
2025-03-22T20:25:10.603096Z TRACE acc-0 ThreadId(08) z_serial: Frame after COBS encoding [00, 0A, 00, 25, 03, 1E, 62, 03, 02, 03, 2F, 2A, 2A, D7, BB, BD, FD]    
2025-03-22T20:25:10.603116Z TRACE acc-0 ThreadId(08) z_serial: Received CRC FDBDBBD7  Computed CRC FDBDBBD7    
2025-03-22T20:25:10.603138Z TRACE acc-0 ThreadId(08) z_serial: Received header: Header(00)    
2025-03-22T20:25:11.617094Z TRACE acc-0 ThreadId(08) z_serial: Read 61 bytes COBS [01, 02, 34, 04, 25, 04, FD, 35, 14, 73, 72, 63, 2F, 73, 74, 6D, 33, 32, 2F, 7A, 65, 6E, 6F, 68, 2D, 70, 69, 63, 6F, 21, 08, 01, 17, 5B, 20, 20, 20, 30, 5D, 20, 50, 75, 62, 20, 66, 72, 6F, 6D, 20, 53, 54, 4D, 33, 32, 20, 21, 48, EF, A5, FC, 00]    
2025-03-22T20:25:11.617127Z TRACE acc-0 ThreadId(08) z_serial: Frame after COBS encoding [00, 34, 00, 25, 04, FD, 00, 14, 73, 72, 63, 2F, 73, 74, 6D, 33, 32, 2F, 7A, 65, 6E, 6F, 68, 2D, 70, 69, 63, 6F, 21, 08, 01, 17, 5B, 20, 20, 20, 30, 5D, 20, 50, 75, 62, 20, 66, 72, 6F, 6D, 20, 53, 54, 4D, 33, 32, 20, 21, 48, EF, A5, FC]    
2025-03-22T20:25:11.617136Z TRACE acc-0 ThreadId(08) z_serial: Received CRC FCA5EF48  Computed CRC FCA5EF48    
2025-03-22T20:25:11.617140Z TRACE acc-0 ThreadId(08) z_serial: Received header: Header(00)    
2025-03-22T20:25:11.645102Z TRACE acc-0 ThreadId(08) z_serial: Read 10 bytes COBS [01, 02, 01, 06, 04, BA, 6C, 6A, F8, 00]    
2025-03-22T20:25:11.645142Z TRACE acc-0 ThreadId(08) z_serial: Frame after COBS encoding [00, 01, 00, 04, BA, 6C, 6A, F8]    
2025-03-22T20:25:11.645160Z TRACE acc-0 ThreadId(08) z_serial: Received CRC F86A6CBA  Computed CRC F86A6CBA    
2025-03-22T20:25:11.645175Z TRACE acc-0 ThreadId(08) z_serial: Received header: Header(00)    
2025-03-22T20:25:12.660037Z TRACE acc-0 ThreadId(08) z_serial: Read 61 bytes COBS [01, 02, 34, 04, 25, 05, FD, 35, 14, 73, 72, 63, 2F, 73, 74, 6D, 33, 32, 2F, 7A, 65, 6E, 6F, 68, 2D, 70, 69, 63, 6F, 21, 08, 01, 17, 5B, 20, 20, 20, 31, 5D, 20, 50, 75, 62, 20, 66, 72, 6F, 6D, 20, 53, 54, 4D, 33, 32, 20, 21, 46, AE, A7, FF, 00]    
2025-03-22T20:25:12.660078Z TRACE acc-0 ThreadId(08) z_serial: Frame after COBS encoding [00, 34, 00, 25, 05, FD, 00, 14, 73, 72, 63, 2F, 73, 74, 6D, 33, 32, 2F, 7A, 65, 6E, 6F, 68, 2D, 70, 69, 63, 6F, 21, 08, 01, 17, 5B, 20, 20, 20, 31, 5D, 20, 50, 75, 62, 20, 66, 72, 6F, 6D, 20, 53, 54, 4D, 33, 32, 20, 21, 46, AE, A7, FF]    
2025-03-22T20:25:12.660095Z TRACE acc-0 ThreadId(08) z_serial: Received CRC FFA7AE46  Computed CRC FFA7AE46    
2025-03-22T20:25:12.660113Z TRACE acc-0 ThreadId(08) z_serial: Received header: Header(00)    
2025-03-22T20:25:12.687035Z TRACE acc-0 ThreadId(08) z_serial: Read 10 bytes COBS [01, 02, 01, 06, 04, BA, 6C, 6A, F8, 00]    
2025-03-22T20:25:12.687056Z TRACE acc-0 ThreadId(08) z_serial: Frame after COBS encoding [00, 01, 00, 04, BA, 6C, 6A, F8]    
2025-03-22T20:25:12.687062Z TRACE acc-0 ThreadId(08) z_serial: Received CRC F86A6CBA  Computed CRC F86A6CBA    
2025-03-22T20:25:12.687074Z TRACE acc-0 ThreadId(08) z_serial: Received header: Header(00)    
2025-03-22T20:25:13.703022Z TRACE acc-0 ThreadId(08) z_serial: Read 61 bytes COBS [01, 02, 34, 04, 25, 06, FD, 35, 14, 73, 72, 63, 2F, 73, 74, 6D, 33, 32, 2F, 7A, 65, 6E, 6F, 68, 2D, 70, 69, 63, 6F, 21, 08, 01, 17, 5B, 20, 20, 20, 32, 5D, 20, 50, 75, 62, 20, 66, 72, 6F, 6D, 20, 53, 54, 4D, 33, 32, 20, 21, 54, 6D, A1, FA, 00]    
2025-03-22T20:25:13.703057Z TRACE acc-0 ThreadId(08) z_serial: Frame after COBS encoding [00, 34, 00, 25, 06, FD, 00, 14, 73, 72, 63, 2F, 73, 74, 6D, 33, 32, 2F, 7A, 65, 6E, 6F, 68, 2D, 70, 69, 63, 6F, 21, 08, 01, 17, 5B, 20, 20, 20, 32, 5D, 20, 50, 75, 62, 20, 66, 72, 6F, 6D, 20, 53, 54, 4D, 33, 32, 20, 21, 54, 6D, A1, FA]    
2025-03-22T20:25:13.703071Z TRACE acc-0 ThreadId(08) z_serial: Received CRC FAA16D54  Computed CRC FAA16D54    
2025-03-22T20:25:13.703080Z TRACE acc-0 ThreadId(08) z_serial: Received header: Header(00)    
2025-03-22T20:25:13.730062Z TRACE acc-0 ThreadId(08) z_serial: Read 10 bytes COBS [01, 02, 01, 06, 04, BA, 6C, 6A, F8, 00]    
2025-03-22T20:25:13.730085Z TRACE acc-0 ThreadId(08) z_serial: Frame after COBS encoding [00, 01, 00, 04, BA, 6C, 6A, F8]    
2025-03-22T20:25:13.730095Z TRACE acc-0 ThreadId(08) z_serial: Received CRC F86A6CBA  Computed CRC F86A6CBA    
2025-03-22T20:25:13.730104Z TRACE acc-0 ThreadId(08) z_serial: Received header: Header(00)    
2025-03-22T20:25:14.746045Z TRACE acc-0 ThreadId(08) z_serial: Read 61 bytes COBS [01, 02, 34, 04, 25, 07, FD, 35, 14, 73, 72, 63, 2F, 73, 74, 6D, 33, 32, 2F, 7A, 65, 6E, 6F, 68, 2D, 70, 69, 63, 6F, 21, 08, 01, 17, 5B, 20, 20, 20, 33, 5D, 20, 50, 75, 62, 20, 66, 72, 6F, 6D, 20, 53, 54, 4D, 33, 32, 20, 21, 5A, 2C, A3, F9, 00]    
2025-03-22T20:25:14.746067Z TRACE acc-0 ThreadId(08) z_serial: Frame after COBS encoding [00, 34, 00, 25, 07, FD, 00, 14, 73, 72, 63, 2F, 73, 74, 6D, 33, 32, 2F, 7A, 65, 6E, 6F, 68, 2D, 70, 69, 63, 6F, 21, 08, 01, 17, 5B, 20, 20, 20, 33, 5D, 20, 50, 75, 62, 20, 66, 72, 6F, 6D, 20, 53, 54, 4D, 33, 32, 20, 21, 5A, 2C, A3, F9]    
2025-03-22T20:25:14.746084Z TRACE acc-0 ThreadId(08) z_serial: Received CRC F9A32C5A  Computed CRC F9A32C5A    
2025-03-22T20:25:14.746093Z TRACE acc-0 ThreadId(08) z_serial: Received header: Header(00)    
2025-03-22T20:25:14.773038Z TRACE acc-0 ThreadId(08) z_serial: Read 10 bytes COBS [01, 02, 01, 06, 04, BA, 6C, 6A, F8, 00]    
2025-03-22T20:25:14.773059Z TRACE acc-0 ThreadId(08) z_serial: Frame after COBS encoding [00, 01, 00, 04, BA, 6C, 6A, F8]    
2025-03-22T20:25:14.773066Z TRACE acc-0 ThreadId(08) z_serial: Received CRC F86A6CBA  Computed CRC F86A6CBA    
2025-03-22T20:25:14.773079Z TRACE acc-0 ThreadId(08) z_serial: Received header: Header(00)    
2025-03-22T20:25:15.789155Z TRACE acc-0 ThreadId(08) z_serial: Read 61 bytes COBS [01, 02, 34, 04, 25, 08, FD, 35, 14, 73, 72, 63, 2F, 73, 74, 6D, 33, 32, 2F, 7A, 65, 6E, 6F, 68, 2D, 70, 69, 63, 6F, 21, 08, 01, 17, 5B, 20, 20, 20, 34, 5D, 20, 50, 75, 62, 20, 66, 72, 6F, 6D, 20, 53, 54, 4D, 33, 32, 20, 21, 45, DA, B0, F8, 00]    
2025-03-22T20:25:15.789188Z TRACE acc-0 ThreadId(08) z_serial: Frame after COBS encoding [00, 34, 00, 25, 08, FD, 00, 14, 73, 72, 63, 2F, 73, 74, 6D, 33, 32, 2F, 7A, 65, 6E, 6F, 68, 2D, 70, 69, 63, 6F, 21, 08, 01, 17, 5B, 20, 20, 20, 34, 5D, 20, 50, 75, 62, 20, 66, 72, 6F, 6D, 20, 53, 54, 4D, 33, 32, 20, 21, 45, DA, B0, F8]    
2025-03-22T20:25:15.789215Z TRACE acc-0 ThreadId(08) z_serial: Received CRC F8B0DA45  Computed CRC F8B0DA45    
2025-03-22T20:25:15.789229Z TRACE acc-0 ThreadId(08) z_serial: Received header: Header(00)    
2025-03-22T20:25:15.816104Z TRACE acc-0 ThreadId(08) z_serial: Read 10 bytes COBS [01, 02, 01, 06, 04, BA, 6C, 6A, F8, 00]    
2025-03-22T20:25:15.816138Z TRACE acc-0 ThreadId(08) z_serial: Frame after COBS encoding [00, 01, 00, 04, BA, 6C, 6A, F8]    
2025-03-22T20:25:15.816161Z TRACE acc-0 ThreadId(08) z_serial: Received CRC F86A6CBA  Computed CRC F86A6CBA    
2025-03-22T20:25:15.816177Z TRACE acc-0 ThreadId(08) z_serial: Received header: Header(00)    
2025-03-22T20:25:16.832070Z TRACE acc-0 ThreadId(08) z_serial: Read 61 bytes COBS [01, 02, 34, 04, 25, 09, FD, 35, 14, 73, 72, 63, 2F, 73, 74, 6D, 33, 32, 2F, 7A, 65, 6E, 6F, 68, 2D, 70, 69, 63, 6F, 21, 08, 01, 17, 5B, 20, 20, 20, 35, 5D, 20, 50, 75, 62, 20, 66, 72, 6F, 6D, 20, 53, 54, 4D, 33, 32, 20, 21, 4B, 9B, B2, FB, 00]    
2025-03-22T20:25:16.832102Z TRACE acc-0 ThreadId(08) z_serial: Frame after COBS encoding [00, 34, 00, 25, 09, FD, 00, 14, 73, 72, 63, 2F, 73, 74, 6D, 33, 32, 2F, 7A, 65, 6E, 6F, 68, 2D, 70, 69, 63, 6F, 21, 08, 01, 17, 5B, 20, 20, 20, 35, 5D, 20, 50, 75, 62, 20, 66, 72, 6F, 6D, 20, 53, 54, 4D, 33, 32, 20, 21, 4B, 9B, B2, FB]    
2025-03-22T20:25:16.832111Z TRACE acc-0 ThreadId(08) z_serial: Received CRC FBB29B4B  Computed CRC FBB29B4B    
2025-03-22T20:25:16.832116Z TRACE acc-0 ThreadId(08) z_serial: Received header: Header(00)    
2025-03-22T20:25:16.859085Z TRACE acc-0 ThreadId(08) z_serial: Read 10 bytes COBS [01, 02, 01, 06, 04, BA, 6C, 6A, F8, 00]    
2025-03-22T20:25:16.859107Z TRACE acc-0 ThreadId(08) z_serial: Frame after COBS encoding [00, 01, 00, 04, BA, 6C, 6A, F8]    
2025-03-22T20:25:16.859119Z TRACE acc-0 ThreadId(08) z_serial: Received CRC F86A6CBA  Computed CRC F86A6CBA    
2025-03-22T20:25:16.859128Z TRACE acc-0 ThreadId(08) z_serial: Received header: Header(00)    
2025-03-22T20:25:17.875072Z TRACE acc-0 ThreadId(08) z_serial: Read 61 bytes COBS [01, 02, 34, 04, 25, 0A, FD, 35, 14, 73, 72, 63, 2F, 73, 74, 6D, 33, 32, 2F, 7A, 65, 6E, 6F, 68, 2D, 70, 69, 63, 6F, 21, 08, 01, 17, 5B, 20, 20, 20, 36, 5D, 20, 50, 75, 62, 20, 66, 72, 6F, 6D, 20, 53, 54, 4D, 33, 32, 20, 21, 59, 58, B4, FE, 00]    
2025-03-22T20:25:17.875109Z TRACE acc-0 ThreadId(08) z_serial: Frame after COBS encoding [00, 34, 00, 25, 0A, FD, 00, 14, 73, 72, 63, 2F, 73, 74, 6D, 33, 32, 2F, 7A, 65, 6E, 6F, 68, 2D, 70, 69, 63, 6F, 21, 08, 01, 17, 5B, 20, 20, 20, 36, 5D, 20, 50, 75, 62, 20, 66, 72, 6F, 6D, 20, 53, 54, 4D, 33, 32, 20, 21, 59, 58, B4, FE]    
2025-03-22T20:25:17.875122Z TRACE acc-0 ThreadId(08) z_serial: Received CRC FEB45859  Computed CRC FEB45859    
2025-03-22T20:25:17.875129Z TRACE acc-0 ThreadId(08) z_serial: Received header: Header(00)    
2025-03-22T20:25:17.902095Z TRACE acc-0 ThreadId(08) z_serial: Read 10 bytes COBS [01, 02, 01, 06, 04, BA, 6C, 6A, F8, 00]    
2025-03-22T20:25:17.902124Z TRACE acc-0 ThreadId(08) z_serial: Frame after COBS encoding [00, 01, 00, 04, BA, 6C, 6A, F8]    
2025-03-22T20:25:17.902143Z TRACE acc-0 ThreadId(08) z_serial: Received CRC F86A6CBA  Computed CRC F86A6CBA    
2025-03-22T20:25:17.902159Z TRACE acc-0 ThreadId(08) z_serial: Received header: Header(00)    
2025-03-22T20:25:18.918030Z TRACE acc-0 ThreadId(08) z_serial: Read 61 bytes COBS [01, 02, 34, 04, 25, 0B, FD, 35, 14, 73, 72, 63, 2F, 73, 74, 6D, 33, 32, 2F, 7A, 65, 6E, 6F, 68, 2D, 70, 69, 63, 6F, 21, 08, 01, 17, 5B, 20, 20, 20, 37, 5D, 20, 50, 75, 62, 20, 66, 72, 6F, 6D, 20, 53, 54, 4D, 33, 32, 20, 21, 57, 19, B6, FD, 00]    
2025-03-22T20:25:18.918056Z TRACE acc-0 ThreadId(08) z_serial: Frame after COBS encoding [00, 34, 00, 25, 0B, FD, 00, 14, 73, 72, 63, 2F, 73, 74, 6D, 33, 32, 2F, 7A, 65, 6E, 6F, 68, 2D, 70, 69, 63, 6F, 21, 08, 01, 17, 5B, 20, 20, 20, 37, 5D, 20, 50, 75, 62, 20, 66, 72, 6F, 6D, 20, 53, 54, 4D, 33, 32, 20, 21, 57, 19, B6, FD]    
2025-03-22T20:25:18.918069Z TRACE acc-0 ThreadId(08) z_serial: Received CRC FDB61957  Computed CRC FDB61957    
2025-03-22T20:25:18.918076Z TRACE acc-0 ThreadId(08) z_serial: Received header: Header(00)    
2025-03-22T20:25:18.945069Z TRACE acc-0 ThreadId(08) z_serial: Read 10 bytes COBS [01, 02, 01, 06, 04, BA, 6C, 6A, F8, 00]    
2025-03-22T20:25:18.945108Z TRACE acc-0 ThreadId(08) z_serial: Frame after COBS encoding [00, 01, 00, 04, BA, 6C, 6A, F8]    
2025-03-22T20:25:18.945117Z TRACE acc-0 ThreadId(08) z_serial: Received CRC F86A6CBA  Computed CRC F86A6CBA    
2025-03-22T20:25:18.945128Z TRACE acc-0 ThreadId(08) z_serial: Received header: Header(00)    
^Clieven@pcdell:~/Developer/zenoh-projects/scripts$ 
