^Clieven@pcdell:~/Developer/zenoh-projects/scripts$ ./zenoh_serial.sh 
++ RUST_LOG=trace
++ ../../zenoh/target/release/zenohd --no-multicast-scouting -l serial//dev/ttyUSB0#baudrate=115200 -l tcp/127.0.0.1:7447 --cfg=transport/unicast/open_timeout:1000 --cfg=transport/unicast/accept_timeout:100000000
2025-03-22T20:11:49.592297Z  INFO main ThreadId(01) zenohd: zenohd v1.2.1 built with rustc 1.75.0 (82e1608df 2023-12-21)
2025-03-22T20:11:49.598007Z DEBUG main ThreadId(01) zenohd: Config: Config(Config { id: 339fa90df83b9991812793f6ff70bf79, metadata: Null, mode: Some(Router), connect: ConnectConfig { timeout_ms: None, endpoints: Unique([]), exit_on_failure: None, retry: None }, listen: ListenConfig { timeout_ms: None, endpoints: Unique([serial//dev/ttyUSB0#baudrate=115200, tcp/127.0.0.1:7447]), exit_on_failure: None, retry: None }, open: OpenConf { return_conditions: ReturnConditionsConf { connect_scouted: None, declares: None } }, scouting: ScoutingConf { timeout: None, delay: None, multicast: ScoutingMulticastConf { enabled: Some(false), address: None, interface: None, ttl: None, autoconnect: None, listen: None }, gossip: GossipConf { enabled: None, multihop: None, target: None, autoconnect: None } }, timestamping: TimestampingConf { enabled: None, drop_future_timestamp: None }, queries_default_timeout: None, routing: RoutingConf { router: RouterRoutingConf { peers_failover_brokering: None }, peer: PeerRoutingConf { mode: None }, interests: InterestsConf { timeout: None } }, aggregation: AggregationConf { subscribers: [], publishers: [] }, qos: QoSConfig { publication: PublisherQoSConfList([]) }, transport: TransportConf { unicast: TransportUnicastConf { open_timeout: 1000, accept_timeout: 100000000, accept_pending: 100, max_sessions: 1000, max_links: 1, lowlatency: false, qos: QoSUnicastConf { enabled: true }, compression: CompressionUnicastConf { enabled: false } }, multicast: TransportMulticastConf { join_interval: Some(2500), max_sessions: Some(1000), qos: QoSMulticastConf { enabled: false }, compression: CompressionMulticastConf { enabled: false } }, link: TransportLinkConf { protocols: None, tx: LinkTxConf { sequence_number_resolution: U32, lease: 10000, keep_alive: 4, batch_size: 65535, queue: QueueConf { size: QueueSizeConf { control: 2, real_time: 2, interactive_high: 2, interactive_low: 2, data_high: 2, data: 2, data_low: 2, background: 2 }, congestion_control: CongestionControlConf { drop: CongestionControlDropConf { wait_before_drop: 1000, max_wait_before_drop_fragments: 50000 }, block: CongestionControlBlockConf { wait_before_close: 5000000 } }, batching: BatchingConf { enabled: true, time_limit: 1 }, allocation: QueueAllocConf { mode: Lazy } }, threads: 1 }, rx: LinkRxConf { buffer_size: 65535, max_message_size: 1073741824 }, tls: TLSConf { root_ca_certificate: None, listen_private_key: None, listen_certificate: None, enable_mtls: None, connect_private_key: None, connect_certificate: None, verify_name_on_connect: None, close_link_on_expiration: None, so_sndbuf: None, so_rcvbuf: None, root_ca_certificate_base64: None, listen_private_key_base64: None, listen_certificate_base64: None, connect_private_key_base64: None, connect_certificate_base64: None }, tcp: TcpConf { so_sndbuf: None, so_rcvbuf: None }, unixpipe: UnixPipeConf { file_access_mask: None } }, shared_memory: ShmConf { enabled: true, mode: Lazy }, auth: AuthConf { usrpwd: UsrPwdConf { user: None, password: None, dictionary_file: None }, pubkey: PubKeyConf { public_key_pem: None, private_key_pem: None, public_key_file: None, private_key_file: None, key_size: None, known_keys_file: None } } }, adminspace: AdminSpaceConf { enabled: true, permissions: PermissionsConf { read: true, write: false } }, downsampling: [], access_control: AclConfig { enabled: false, default_permission: Deny, rules: None, subjects: None, policies: None }, plugins_loading: PluginsLoading { enabled: true, search_dirs: LibSearchDirs([Spec(LibSearchSpec { kind: CurrentExeParent, value: None }), Path("."), Path("~/.zenoh/lib"), Path("/opt/homebrew/lib"), Path("/usr/local/lib"), Path("/usr/lib")]) }, plugins: Object {} })
2025-03-22T20:11:49.599726Z  INFO main ThreadId(01) zenohd: Initial conf: {"access_control":{"default_permission":"deny","enabled":false,"policies":null,"rules":null,"subjects":null},"adminspace":{"enabled":true,"permissions":{"read":true,"write":false}},"aggregation":{"publishers":[],"subscribers":[]},"connect":{"endpoints":[],"exit_on_failure":null,"retry":null,"timeout_ms":null},"downsampling":[],"id":"339fa90df83b9991812793f6ff70bf79","listen":{"endpoints":["serial//dev/ttyUSB0#baudrate=115200","tcp/127.0.0.1:7447"],"exit_on_failure":null,"retry":null,"timeout_ms":null},"metadata":null,"mode":"router","open":{"return_conditions":{"connect_scouted":null,"declares":null}},"plugins":{},"plugins_loading":{"enabled":true,"search_dirs":[{"kind":"current_exe_parent","value":null},".","~/.zenoh/lib","/opt/homebrew/lib","/usr/local/lib","/usr/lib"]},"qos":{"publication":[]},"queries_default_timeout":null,"routing":{"interests":{"timeout":null},"peer":{"mode":null},"router":{"peers_failover_brokering":null}},"scouting":{"delay":null,"gossip":{"autoconnect":null,"enabled":null,"multihop":null,"target":null},"multicast":{"address":null,"autoconnect":null,"enabled":false,"interface":null,"listen":null,"ttl":null},"timeout":null},"timestamping":{"drop_future_timestamp":null,"enabled":null},"transport":{"auth":{"pubkey":{"key_size":null,"known_keys_file":null,"private_key_file":null,"private_key_pem":null,"public_key_file":null,"public_key_pem":null},"usrpwd":{"dictionary_file":null,"password":null,"user":null}},"link":{"protocols":null,"rx":{"buffer_size":65535,"max_message_size":1073741824},"tcp":{"so_rcvbuf":null,"so_sndbuf":null},"tls":{"close_link_on_expiration":null,"connect_certificate":null,"connect_private_key":null,"enable_mtls":null,"listen_certificate":null,"listen_private_key":null,"root_ca_certificate":null,"so_rcvbuf":null,"so_sndbuf":null,"verify_name_on_connect":null},"tx":{"batch_size":65535,"keep_alive":4,"lease":10000,"queue":{"allocation":{"mode":"lazy"},"batching":{"enabled":true,"time_limit":1},"congestion_control":{"block":{"wait_before_close":5000000},"drop":{"max_wait_before_drop_fragments":50000,"wait_before_drop":1000}},"size":{"background":2,"control":2,"data":2,"data_high":2,"data_low":2,"interactive_high":2,"interactive_low":2,"real_time":2}},"sequence_number_resolution":"32bit","threads":1},"unixpipe":{"file_access_mask":null}},"multicast":{"compression":{"enabled":false},"join_interval":2500,"max_sessions":1000,"qos":{"enabled":false}},"shared_memory":{"enabled":true,"mode":"lazy"},"unicast":{"accept_pending":100,"accept_timeout":100000000,"compression":{"enabled":false},"lowlatency":false,"max_links":1,"max_sessions":1000,"open_timeout":1000,"qos":{"enabled":true}}}}
2025-03-22T20:11:49.600721Z DEBUG main ThreadId(01) zenoh::api::session: Config: Config(Config { id: 339fa90df83b9991812793f6ff70bf79, metadata: Null, mode: Some(Router), connect: ConnectConfig { timeout_ms: None, endpoints: Unique([]), exit_on_failure: None, retry: None }, listen: ListenConfig { timeout_ms: None, endpoints: Unique([serial//dev/ttyUSB0#baudrate=115200, tcp/127.0.0.1:7447]), exit_on_failure: None, retry: None }, open: OpenConf { return_conditions: ReturnConditionsConf { connect_scouted: None, declares: None } }, scouting: ScoutingConf { timeout: None, delay: None, multicast: ScoutingMulticastConf { enabled: Some(false), address: None, interface: None, ttl: None, autoconnect: None, listen: None }, gossip: GossipConf { enabled: None, multihop: None, target: None, autoconnect: None } }, timestamping: TimestampingConf { enabled: None, drop_future_timestamp: None }, queries_default_timeout: None, routing: RoutingConf { router: RouterRoutingConf { peers_failover_brokering: None }, peer: PeerRoutingConf { mode: None }, interests: InterestsConf { timeout: None } }, aggregation: AggregationConf { subscribers: [], publishers: [] }, qos: QoSConfig { publication: PublisherQoSConfList([]) }, transport: TransportConf { unicast: TransportUnicastConf { open_timeout: 1000, accept_timeout: 100000000, accept_pending: 100, max_sessions: 1000, max_links: 1, lowlatency: false, qos: QoSUnicastConf { enabled: true }, compression: CompressionUnicastConf { enabled: false } }, multicast: TransportMulticastConf { join_interval: Some(2500), max_sessions: Some(1000), qos: QoSMulticastConf { enabled: false }, compression: CompressionMulticastConf { enabled: false } }, link: TransportLinkConf { protocols: None, tx: LinkTxConf { sequence_number_resolution: U32, lease: 10000, keep_alive: 4, batch_size: 65535, queue: QueueConf { size: QueueSizeConf { control: 2, real_time: 2, interactive_high: 2, interactive_low: 2, data_high: 2, data: 2, data_low: 2, background: 2 }, congestion_control: CongestionControlConf { drop: CongestionControlDropConf { wait_before_drop: 1000, max_wait_before_drop_fragments: 50000 }, block: CongestionControlBlockConf { wait_before_close: 5000000 } }, batching: BatchingConf { enabled: true, time_limit: 1 }, allocation: QueueAllocConf { mode: Lazy } }, threads: 1 }, rx: LinkRxConf { buffer_size: 65535, max_message_size: 1073741824 }, tls: TLSConf { root_ca_certificate: None, listen_private_key: None, listen_certificate: None, enable_mtls: None, connect_private_key: None, connect_certificate: None, verify_name_on_connect: None, close_link_on_expiration: None, so_sndbuf: None, so_rcvbuf: None, root_ca_certificate_base64: None, listen_private_key_base64: None, listen_certificate_base64: None, connect_private_key_base64: None, connect_certificate_base64: None }, tcp: TcpConf { so_sndbuf: None, so_rcvbuf: None }, unixpipe: UnixPipeConf { file_access_mask: None } }, shared_memory: ShmConf { enabled: true, mode: Lazy }, auth: AuthConf { usrpwd: UsrPwdConf { user: None, password: None, dictionary_file: None }, pubkey: PubKeyConf { public_key_pem: None, private_key_pem: None, public_key_file: None, private_key_file: None, key_size: None, known_keys_file: None } } }, adminspace: AdminSpaceConf { enabled: true, permissions: PermissionsConf { read: true, write: false } }, downsampling: [], access_control: AclConfig { enabled: false, default_permission: Deny, rules: None, subjects: None, policies: None }, plugins_loading: PluginsLoading { enabled: true, search_dirs: LibSearchDirs([Spec(LibSearchSpec { kind: CurrentExeParent, value: None }), Path("."), Path("~/.zenoh/lib"), Path("/opt/homebrew/lib"), Path("/usr/local/lib"), Path("/usr/lib")]) }, plugins: Object {} })
2025-03-22T20:11:49.601130Z DEBUG main ThreadId(01) zenoh::net::runtime: Zenoh Rust API v1.2.1
2025-03-22T20:11:49.601145Z  INFO main ThreadId(01) zenoh::net::runtime: Using ZID: 339fa90df83b9991812793f6ff70bf79
2025-03-22T20:11:49.601167Z DEBUG main ThreadId(01) zenoh::net::routing::interceptor::access_control: Access control is disabled
2025-03-22T20:11:49.603204Z DEBUG main ThreadId(01) zenoh::net::routing::hat::router::network: [Routers network] Add node (self) 339fa90df83b9991812793f6ff70bf79
2025-03-22T20:11:49.603226Z DEBUG main ThreadId(01) zenoh::net::routing::hat::router::network: [Peers network] Add node (self) 339fa90df83b9991812793f6ff70bf79
2025-03-22T20:11:49.603673Z DEBUG main ThreadId(01) zenoh::net::routing::router: New Face{0, 339fa90df83b9991812793f6ff70bf79}
2025-03-22T20:11:49.603705Z DEBUG main ThreadId(01) zenoh::net::routing::dispatcher::queries: Face{0, 339fa90df83b9991812793f6ff70bf79} Declare queryable 2 (@/339fa90df83b9991812793f6ff70bf79/router/**)
2025-03-22T20:11:49.604080Z DEBUG main ThreadId(01) zenoh::net::routing::dispatcher::resource: Register resource @/339fa90df83b9991812793f6ff70bf79/router/**
2025-03-22T20:11:49.605379Z DEBUG main ThreadId(01) zenoh::net::routing::dispatcher::pubsub: Face{0, 339fa90df83b9991812793f6ff70bf79} Declare subscriber 3 (@/339fa90df83b9991812793f6ff70bf79/router/config/**)
2025-03-22T20:11:49.605407Z DEBUG main ThreadId(01) zenoh::net::routing::dispatcher::resource: Register resource @/339fa90df83b9991812793f6ff70bf79/router/config/**
2025-03-22T20:11:49.605433Z DEBUG main ThreadId(01) zenoh::net::routing::router: New Face{1, 339fa90df83b9991812793f6ff70bf79}
2025-03-22T20:11:49.605445Z TRACE main ThreadId(01) zenoh::api::session: declare_queryable(ke`@/339fa90df83b9991812793f6ff70bf79/session/**`)
2025-03-22T20:11:49.605458Z TRACE main ThreadId(01) zenoh::api::session: declare_queryable(ke`@adv/pub/339fa90df83b9991812793f6ff70bf79/_/_/@/@/339fa90df83b9991812793f6ff70bf79/session/**`)
2025-03-22T20:11:49.605733Z DEBUG main ThreadId(01) zenoh::net::runtime::orchestrator: Try to add listener: serial//dev/ttyUSB0#baudrate=115200: ConnectionRetryConf { exit_on_failure: true, period_init_ms: 1000, period_max_ms: 4000, period_increase_factor: 2.0 }
2025-03-22T20:11:49.606126Z DEBUG main ThreadId(01) zenoh::net::runtime::orchestrator: Listener added: serial//dev/ttyUSB0
2025-03-22T20:11:49.606135Z DEBUG main ThreadId(01) zenoh::net::runtime::orchestrator: Try to add listener: tcp/127.0.0.1:7447: ConnectionRetryConf { exit_on_failure: true, period_init_ms: 1000, period_max_ms: 4000, period_increase_factor: 2.0 }
2025-03-22T20:11:49.606174Z TRACE acc-0 ThreadId(08) zenoh_link_serial::unicast: Ready to accept Serial connections on: "/dev/ttyUSB0"
2025-03-22T20:11:49.606432Z DEBUG  main ThreadId(01) zenoh::net::runtime::orchestrator: Listener added: tcp/127.0.0.1:7447
2025-03-22T20:11:49.606436Z TRACE acc-0 ThreadId(08) zenoh_link_tcp::unicast: Ready to accept TCP connections on: 127.0.0.1:7447
2025-03-22T20:11:49.606451Z  INFO  main ThreadId(01) zenoh::net::runtime::orchestrator: Zenoh can be reached at: serial//dev/ttyUSB0
2025-03-22T20:11:49.606459Z  INFO  main ThreadId(01) zenoh::net::runtime::orchestrator: Zenoh can be reached at: tcp/127.0.0.1:7447
2025-03-22T20:11:49.707637Z TRACE acc-0 ThreadId(08) zenoh_link_serial::unicast: Creating Serial listener on device "/dev/ttyUSB0", with baudrate 115200 and exclusive set as true
2025-03-22T20:11:49.707674Z DEBUG acc-0 ThreadId(08) mio_serial: opening serial port in synchronous blocking mode    
2025-03-22T20:11:49.711496Z DEBUG acc-0 ThreadId(08) mio_serial: switching /dev/ttyUSB0 to asynchronous mode    
2025-03-22T20:11:49.711509Z DEBUG acc-0 ThreadId(08) mio_serial: setting VMIN = 1    
2025-03-22T20:11:49.711533Z DEBUG acc-0 ThreadId(08) mio_serial: setting O_NONBLOCK flag    
2025-03-22T20:11:49.711562Z TRACE acc-0 ThreadId(08) zenoh_link_serial::unicast: I'm cleaning the buffers
2025-03-22T20:11:49.711570Z TRACE acc-0 ThreadId(08) z_serial: Waiting for connection    
2025-03-22T20:11:55.195819Z TRACE acc-0 ThreadId(08) z_serial: Read 9 bytes COBS [02, 01, 01, 01, 01, 01, 01, 01, 00]    
2025-03-22T20:11:55.195842Z TRACE acc-0 ThreadId(08) z_serial: Frame after COBS encoding [01, 00, 00, 00, 00, 00, 00]    
2025-03-22T20:11:55.195851Z TRACE acc-0 ThreadId(08) z_serial: Received CRC 00  Computed CRC 00    
2025-03-22T20:11:55.195859Z TRACE acc-0 ThreadId(08) z_serial: Received header: Header(01)    
2025-03-22T20:11:55.195924Z TRACE acc-0 ThreadId(08) z_serial: Frame before COBS encoding [03, 00, 00, 00, 00, 00, 00]    
2025-03-22T20:11:55.195941Z TRACE acc-0 ThreadId(08) z_serial: Wrote 9bytes COBS [02, 03, 01, 01, 01, 01, 01, 01, 00]    
2025-03-22T20:11:55.203749Z TRACE acc-0 ThreadId(08) zenoh_link_serial::unicast: Creating serial link from "/dev/ttyUSB0"
2025-03-22T20:11:55.203849Z TRACE net-0 ThreadId(07) zenoh_transport::unicast::manager: Accepting link... serial//dev/ttyUSB0 => serial/e6c4532d-bcbc-4a37-a8bc-b7870f8fdde2
2025-03-22T20:11:55.219787Z TRACE acc-0 ThreadId(08) z_serial: Read 33 bytes COBS [01, 02, 18, 15, C1, 09, F1, 2D, CF, 46, 29, 04, B4, 78, D8, 68, A7, FF, 3F, 2B, F1, FC, D9, 0A, 08, 01, 27, 01, ED, 3C, 3B, FD, 00]    
2025-03-22T20:11:55.219830Z TRACE acc-0 ThreadId(08) z_serial: Frame after COBS encoding [00, 18, 00, C1, 09, F1, 2D, CF, 46, 29, 04, B4, 78, D8, 68, A7, FF, 3F, 2B, F1, FC, D9, 0A, 00, 01, 27, 01, ED, 3C, 3B, FD]    
2025-03-22T20:11:55.219850Z TRACE acc-0 ThreadId(08) z_serial: Received CRC FD3B3CED  Computed CRC FD3B3CED    
2025-03-22T20:11:55.219890Z TRACE acc-0 ThreadId(08) zenoh_transport::unicast::establishment::accept: Establishment Accept InitSyn: serial//dev/ttyUSB0 => serial/e6c4532d-bcbc-4a37-a8bc-b7870f8fdde2. Received: TransportMessage { body: InitSyn(InitSyn { version: 9, whatami: Peer, zid: d9fcf12b3fffa768d878b4042946cf2d, resolution: Resolution(10), batch_size: 256, ext_qos: None, ext_qos_link: None, ext_auth: None, ext_mlink: None, ext_lowlatency: None, ext_compression: None, ext_patch: PatchType(1) }) }
2025-03-22T20:11:55.220031Z TRACE acc-0 ThreadId(08) z_serial: Frame before COBS encoding [00, 4A, 00, E1, 09, F0, 79, BF, 70, FF, F6, 93, 27, 81, 91, 99, 3B, F8, 0D, A9, 9F, 33, 0A, 00, 01, 31, 30, 1A, 6B, 59, E3, 18, 08, 48, 63, D7, AB, 98, 35, B2, A4, 06, 9F, CF, 28, E9, C5, 14, 61, D4, AC, F4, 69, BD, 0A, B9, 86, 29, 42, E5, D4, 0F, 2F, CE, 4F, D5, E6, 38, E2, CD, 77, 32, C7, 13, 94, 27, 01, B9, 8B, BB, F9]    
2025-03-22T20:11:55.220061Z TRACE acc-0 ThreadId(08) z_serial: Wrote 83bytes COBS [01, 02, 4A, 15, E1, 09, F0, 79, BF, 70, FF, F6, 93, 27, 81, 91, 99, 3B, F8, 0D, A9, 9F, 33, 0A, 3A, 01, 31, 30, 1A, 6B, 59, E3, 18, 08, 48, 63, D7, AB, 98, 35, B2, A4, 06, 9F, CF, 28, E9, C5, 14, 61, D4, AC, F4, 69, BD, 0A, B9, 86, 29, 42, E5, D4, 0F, 2F, CE, 4F, D5, E6, 38, E2, CD, 77, 32, C7, 13, 94, 27, 01, B9, 8B, BB, F9, 00]    
2025-03-22T20:11:55.227771Z TRACE acc-0 ThreadId(08) zenoh_transport::unicast::establishment::accept: Establishment Accept InitAck: serial//dev/ttyUSB0 => serial/e6c4532d-bcbc-4a37-a8bc-b7870f8fdde2. Sent: TransportMessage { body: InitAck(InitAck { version: 9, whatami: Router, zid: 339fa90df83b9991812793f6ff70bf79, resolution: Resolution(10), batch_size: 256, cookie: [30, 1a, 6b, 59, e3, 18, 08, 48, 63, d7, ab, 98, 35, b2, a4, 06, 9f, cf, 28, e9, c5, 14, 61, d4, ac, f4, 69, bd, 0a, b9, 86, 29, 42, e5, d4, 0f, 2f, ce, 4f, d5, e6, 38, e2, cd, 77, 32, c7, 13, 94], ext_qos: None, ext_qos_link: None, ext_auth: None, ext_mlink: None, ext_lowlatency: None, ext_compression: None, ext_patch: PatchType(1) }) }
2025-03-22T20:11:55.265782Z TRACE acc-0 ThreadId(08) z_serial: Read 62 bytes COBS [01, 02, 35, 03, 42, 0A, 37, 31, 30, 1A, 6B, 59, E3, 18, 08, 48, 63, D7, AB, 98, 35, B2, A4, 06, 9F, CF, 28, E9, C5, 14, 61, D4, AC, F4, 69, BD, 0A, B9, 86, 29, 42, E5, D4, 0F, 2F, CE, 4F, D5, E6, 38, E2, CD, 77, 32, C7, 13, 94, B2, ED, 46, FB, 00]    
2025-03-22T20:11:55.265806Z TRACE acc-0 ThreadId(08) z_serial: Frame after COBS encoding [00, 35, 00, 42, 0A, 00, 31, 30, 1A, 6B, 59, E3, 18, 08, 48, 63, D7, AB, 98, 35, B2, A4, 06, 9F, CF, 28, E9, C5, 14, 61, D4, AC, F4, 69, BD, 0A, B9, 86, 29, 42, E5, D4, 0F, 2F, CE, 4F, D5, E6, 38, E2, CD, 77, 32, C7, 13, 94, B2, ED, 46, FB]    
2025-03-22T20:11:55.265823Z TRACE acc-0 ThreadId(08) z_serial: Received CRC FB46EDB2  Computed CRC FB46EDB2    
2025-03-22T20:11:55.265839Z TRACE acc-0 ThreadId(08) zenoh_transport::unicast::establishment::accept: Establishment Accept OpenSyn: serial//dev/ttyUSB0 => serial/e6c4532d-bcbc-4a37-a8bc-b7870f8fdde2. Received: TransportMessage { body: OpenSyn(OpenSyn { lease: 10s, initial_sn: 0, cookie: [30, 1a, 6b, 59, e3, 18, 08, 48, 63, d7, ab, 98, 35, b2, a4, 06, 9f, cf, 28, e9, c5, 14, 61, d4, ac, f4, 69, bd, 0a, b9, 86, 29, 42, e5, d4, 0f, 2f, ce, 4f, d5, e6, 38, e2, cd, 77, 32, c7, 13, 94], ext_qos: None, ext_auth: None, ext_mlink: None, ext_lowlatency: None, ext_compression: None }) }
2025-03-22T20:11:55.265886Z TRACE acc-0 ThreadId(08) zenoh_transport::unicast::establishment::accept: Establishment Accept OpenAck: serial//dev/ttyUSB0 => serial/e6c4532d-bcbc-4a37-a8bc-b7870f8fdde2. Sent: OpenAck { lease: 10s, initial_sn: 256680654, ext_qos: None, ext_auth: None, ext_mlink: None, ext_lowlatency: None, ext_compression: None }
2025-03-22T20:11:55.265908Z DEBUG acc-0 ThreadId(08) zenoh_transport::unicast::manager: Will use Universal transport!
2025-03-22T20:11:55.267668Z TRACE acc-0 ThreadId(08) zenoh_link_serial::unicast: get_interface_names for serial: ["ttyS0", "ttyACM0", "ttyUSB0", "ttyACM1"]
2025-03-22T20:11:55.267774Z TRACE acc-0 ThreadId(08) z_serial: Frame before COBS encoding [00, 06, 00, 62, 0A, CE, C5, B2, 7A, A8, BC, A9, FD]    
2025-03-22T20:11:55.267796Z TRACE acc-0 ThreadId(08) z_serial: Wrote 15bytes COBS [01, 02, 06, 0B, 62, 0A, CE, C5, B2, 7A, A8, BC, A9, FD, 00]    
2025-03-22T20:11:55.277512Z TRACE acc-0 ThreadId(08) zenoh_link_serial::unicast: get_interface_names for serial: ["ttyS0", "ttyACM0", "ttyUSB0", "ttyACM1"]
2025-03-22T20:11:55.277597Z DEBUG acc-0 ThreadId(08) zenoh::net::routing::router: New Face{2, d9fcf12b3fffa768d878b4042946cf2d}
2025-03-22T20:11:55.277622Z DEBUG acc-0 ThreadId(08) zenoh::net::routing::hat::router::network: [Peers network] Add node (link) d9fcf12b3fffa768d878b4042946cf2d
2025-03-22T20:11:55.278221Z TRACE acc-0 ThreadId(08) zenoh::net::routing::hat::router::network: [Peers network] Send to Ok(d9fcf12b3fffa768d878b4042946cf2d) NetworkMessage { body: OAM(Oam { id: 1, body: ZBuf(ZBuf { slices: [[02, 07, 00, 02, 10, 79, bf, 70, ff, f6, 93, 27, 81, 91, 99, 3b, f8, 0d, a9, 9f, 33, 01, 02, 13, 73, 65, 72, 69, 61, 6c, 2f, 2f, 64, 65, 76, 2f, 74, 74, 79, 55, 53, 42, 30, 12, 74, 63, 70, 2f, 31, 32, 37, 2e, 30, 2e, 30, 2e, 31, 3a, 37, 34, 34, 37, 00, 03, 01, 00, 10, 2d, cf, 46, 29, 04, b4, 78, d8, 68, a7, ff, 3f, 2b, f1, fc, d9, 02, 00]] }), ext_qos: QoS { priority: Control, congestion: Block, express: false }, ext_tstamp: None }), reliability: Reliable }
2025-03-22T20:11:55.278256Z TRACE acc-0 ThreadId(08) zenoh_transport::unicast::universal::tx: Scheduled NetworkMessage { body: OAM(Oam { id: 1, body: ZBuf(ZBuf { slices: [[02, 07, 00, 02, 10, 79, bf, 70, ff, f6, 93, 27, 81, 91, 99, 3b, f8, 0d, a9, 9f, 33, 01, 02, 13, 73, 65, 72, 69, 61, 6c, 2f, 2f, 64, 65, 76, 2f, 74, 74, 79, 55, 53, 42, 30, 12, 74, 63, 70, 2f, 31, 32, 37, 2e, 30, 2e, 30, 2e, 31, 3a, 37, 34, 34, 37, 00, 03, 01, 00, 10, 2d, cf, 46, 29, 04, b4, 78, d8, 68, a7, ff, 3f, 2b, f1, fc, d9, 02, 00]] }), ext_qos: QoS { priority: Control, congestion: Block, express: false }, ext_tstamp: None }), reliability: Reliable } for transmission to serial/e6c4532d-bcbc-4a37-a8bc-b7870f8fdde2 (d9fcf12b3fffa768d878b4042946cf2d)
2025-03-22T20:11:55.278473Z DEBUG acc-0 ThreadId(08) zenoh_transport::unicast::manager: New transport opened between 339fa90df83b9991812793f6ff70bf79 and d9fcf12b3fffa768d878b4042946cf2d - whatami: peer, sn resolution: U32, initial sn: 256680654, qos: false, multilink: false, lowlatency: false
2025-03-22T20:11:55.278508Z DEBUG acc-0 ThreadId(08) zenoh_transport::unicast::establishment::accept: New transport link accepted from d9fcf12b3fffa768d878b4042946cf2d to 339fa90df83b9991812793f6ff70bf79: TransportLinkUnicast { link: Link { src: serial//dev/ttyUSB0, dst: serial/e6c4532d-bcbc-4a37-a8bc-b7870f8fdde2, mtu: 1500, is_reliable: false, is_streamed: false }, config: TransportLinkUnicastConfig { direction: Inbound, batch: BatchConfig { mtu: 256, is_streamed: false, is_compression: false }, priorities: None, reliability: None } }
2025-03-22T20:11:55.278503Z TRACE  tx-0 ThreadId(10) z_serial: Frame before COBS encoding [00, 5F, 00, 25, CE, C5, B2, 7A, DF, 01, 21, 08, 55, 02, 07, 00, 02, 10, 79, BF, 70, FF, F6, 93, 27, 81, 91, 99, 3B, F8, 0D, A9, 9F, 33, 01, 02, 13, 73, 65, 72, 69, 61, 6C, 2F, 2F, 64, 65, 76, 2F, 74, 74, 79, 55, 53, 42, 30, 12, 74, 63, 70, 2F, 31, 32, 37, 2E, 30, 2E, 30, 2E, 31, 3A, 37, 34, 34, 37, 00, 03, 01, 00, 10, 2D, CF, 46, 29, 04, B4, 78, D8, 68, A7, FF, 3F, 2B, F1, FC, D9, 02, 00, ED, EC, 58, FD]    
2025-03-22T20:11:55.278539Z TRACE  tx-0 ThreadId(10) z_serial: Wrote 104bytes COBS [01, 02, 5F, 0D, 25, CE, C5, B2, 7A, DF, 01, 21, 08, 55, 02, 07, 3C, 02, 10, 79, BF, 70, FF, F6, 93, 27, 81, 91, 99, 3B, F8, 0D, A9, 9F, 33, 01, 02, 13, 73, 65, 72, 69, 61, 6C, 2F, 2F, 64, 65, 76, 2F, 74, 74, 79, 55, 53, 42, 30, 12, 74, 63, 70, 2F, 31, 32, 37, 2E, 30, 2E, 30, 2E, 31, 3A, 37, 34, 34, 37, 03, 03, 01, 13, 10, 2D, CF, 46, 29, 04, B4, 78, D8, 68, A7, FF, 3F, 2B, F1, FC, D9, 02, 05, ED, EC, 58, FD, 00]    
2025-03-22T20:11:55.280432Z TRACE  rx-1 ThreadId(13) zenoh_link_serial::unicast: get_interface_names for serial: ["ttyS0", "ttyACM0", "ttyUSB0", "ttyACM1"]
2025-03-22T20:11:55.280619Z ERROR  rx-1 ThreadId(13) zenoh_link_serial::unicast: Read error on Serial link serial//dev/ttyUSB0 => serial/e6c4532d-bcbc-4a37-a8bc-b7870f8fdde2: Recv buffer is too small, required minimum 1500 at io/zenoh-links/zenoh-link-serial/src/unicast.rs:164.
2025-03-22T20:11:55.280651Z DEBUG  rx-1 ThreadId(13) zenoh_transport::unicast::universal::link: RX task failed: Read error on Serial link serial//dev/ttyUSB0 => serial/e6c4532d-bcbc-4a37-a8bc-b7870f8fdde2: Read error on Serial link serial//dev/ttyUSB0 => serial/e6c4532d-bcbc-4a37-a8bc-b7870f8fdde2: Recv buffer is too small, required minimum 1500 at io/zenoh-links/zenoh-link-serial/src/unicast.rs:164. at io/zenoh-links/zenoh-link-serial/src/unicast.rs:167.
2025-03-22T20:11:55.282212Z TRACE  rx-1 ThreadId(13) zenoh_link_serial::unicast: get_interface_names for serial: ["ttyS0", "ttyACM0", "ttyUSB0", "ttyACM1"]
2025-03-22T20:11:55.284231Z TRACE  rx-1 ThreadId(13) zenoh_link_serial::unicast: get_interface_names for serial: ["ttyS0", "ttyACM0", "ttyUSB0", "ttyACM1"]
2025-03-22T20:11:55.284275Z DEBUG  rx-1 ThreadId(13) zenoh_transport::unicast::universal::transport: [339fa90df83b9991812793f6ff70bf79] Closing transport with peer: d9fcf12b3fffa768d878b4042946cf2d
2025-03-22T20:11:55.284297Z TRACE  rx-1 ThreadId(13) zenoh_transport::unicast::universal::link: serial//dev/ttyUSB0 => serial/e6c4532d-bcbc-4a37-a8bc-b7870f8fdde2: closing
2025-03-22T20:11:55.291799Z TRACE  rx-1 ThreadId(13) zenoh_link_serial::unicast: Closing Serial link: serial//dev/ttyUSB0 => serial/e6c4532d-bcbc-4a37-a8bc-b7870f8fdde2
2025-03-22T20:11:55.346886Z DEBUG  rx-1 ThreadId(13) zenoh::net::routing::dispatcher::face: Close Face{2, d9fcf12b3fffa768d878b4042946cf2d}
2025-03-22T20:11:55.346946Z TRACE  rx-1 ThreadId(13) zenoh::net::routing::hat::router::network: [Peers network] remove_link d9fcf12b3fffa768d878b4042946cf2d
2025-03-22T20:11:55.405247Z TRACE acc-0 ThreadId(08) zenoh_link_serial::unicast: Creating Serial listener on device "/dev/ttyUSB0", with baudrate 115200 and exclusive set as true
2025-03-22T20:11:55.405283Z DEBUG acc-0 ThreadId(08) mio_serial: opening serial port in synchronous blocking mode    
2025-03-22T20:11:55.408750Z DEBUG acc-0 ThreadId(08) mio_serial: switching /dev/ttyUSB0 to asynchronous mode    
2025-03-22T20:11:55.408804Z DEBUG acc-0 ThreadId(08) mio_serial: setting VMIN = 1    
2025-03-22T20:11:55.408831Z DEBUG acc-0 ThreadId(08) mio_serial: setting O_NONBLOCK flag    
2025-03-22T20:11:55.408936Z TRACE acc-0 ThreadId(08) zenoh_link_serial::unicast: I'm cleaning the buffers
2025-03-22T20:11:55.409007Z TRACE acc-0 ThreadId(08) z_serial: Waiting for connection    
2025-03-22T20:11:55.418805Z TRACE acc-0 ThreadId(08) z_serial: Read 36 bytes COBS [01, 02, 1B, 06, 25, 01, 79, 02, F3, 1A, 14, 73, 72, 63, 2F, 73, 74, 6D, 33, 32, 2F, 7A, 65, 6E, 6F, 68, 2D, 70, 69, 63, 6F, D4, 73, 16, FF, 00]    
2025-03-22T20:11:55.418841Z TRACE acc-0 ThreadId(08) z_serial: Frame after COBS encoding [00, 1B, 00, 25, 01, 79, 02, F3, 00, 14, 73, 72, 63, 2F, 73, 74, 6D, 33, 32, 2F, 7A, 65, 6E, 6F, 68, 2D, 70, 69, 63, 6F, D4, 73, 16, FF]    
2025-03-22T20:11:55.418853Z TRACE acc-0 ThreadId(08) z_serial: Received CRC FF1673D4  Computed CRC FF1673D4    
2025-03-22T20:11:55.418860Z TRACE acc-0 ThreadId(08) z_serial: Received header: Header(00)    
2025-03-22T20:11:55.432810Z TRACE acc-0 ThreadId(08) z_serial: Read 19 bytes COBS [01, 02, 0A, 06, 25, 02, 1E, 20, 02, 09, 03, 73, 72, 63, 87, B2, 0F, F9, 00]    
2025-03-22T20:11:55.432839Z TRACE acc-0 ThreadId(08) z_serial: Frame after COBS encoding [00, 0A, 00, 25, 02, 1E, 20, 02, 00, 03, 73, 72, 63, 87, B2, 0F, F9]    
2025-03-22T20:11:55.432857Z TRACE acc-0 ThreadId(08) z_serial: Received CRC F90FB287  Computed CRC F90FB287    
2025-03-22T20:11:55.432872Z TRACE acc-0 ThreadId(08) z_serial: Received header: Header(00)    
2025-03-22T20:11:55.447766Z TRACE acc-0 ThreadId(08) z_serial: Read 19 bytes COBS [01, 02, 0A, 0F, 25, 03, 1E, 62, 03, 02, 03, 2F, 2A, 2A, D7, BB, BD, FD, 00]    
2025-03-22T20:11:55.447792Z TRACE acc-0 ThreadId(08) z_serial: Frame after COBS encoding [00, 0A, 00, 25, 03, 1E, 62, 03, 02, 03, 2F, 2A, 2A, D7, BB, BD, FD]    
2025-03-22T20:11:55.447803Z TRACE acc-0 ThreadId(08) z_serial: Received CRC FDBDBBD7  Computed CRC FDBDBBD7    
2025-03-22T20:11:55.447812Z TRACE acc-0 ThreadId(08) z_serial: Received header: Header(00)    
2025-03-22T20:11:56.462768Z TRACE acc-0 ThreadId(08) z_serial: Read 61 bytes COBS [01, 02, 34, 04, 25, 04, FD, 35, 14, 73, 72, 63, 2F, 73, 74, 6D, 33, 32, 2F, 7A, 65, 6E, 6F, 68, 2D, 70, 69, 63, 6F, 21, 08, 01, 17, 5B, 20, 20, 20, 30, 5D, 20, 50, 75, 62, 20, 66, 72, 6F, 6D, 20, 53, 54, 4D, 33, 32, 20, 21, 48, EF, A5, FC, 00]    
2025-03-22T20:11:56.462801Z TRACE acc-0 ThreadId(08) z_serial: Frame after COBS encoding [00, 34, 00, 25, 04, FD, 00, 14, 73, 72, 63, 2F, 73, 74, 6D, 33, 32, 2F, 7A, 65, 6E, 6F, 68, 2D, 70, 69, 63, 6F, 21, 08, 01, 17, 5B, 20, 20, 20, 30, 5D, 20, 50, 75, 62, 20, 66, 72, 6F, 6D, 20, 53, 54, 4D, 33, 32, 20, 21, 48, EF, A5, FC]    
2025-03-22T20:11:56.462826Z TRACE acc-0 ThreadId(08) z_serial: Received CRC FCA5EF48  Computed CRC FCA5EF48    
2025-03-22T20:11:56.462841Z TRACE acc-0 ThreadId(08) z_serial: Received header: Header(00)    
2025-03-22T20:11:56.486789Z TRACE acc-0 ThreadId(08) z_serial: Read 10 bytes COBS [01, 02, 01, 06, 04, BA, 6C, 6A, F8, 00]    
2025-03-22T20:11:56.486819Z TRACE acc-0 ThreadId(08) z_serial: Frame after COBS encoding [00, 01, 00, 04, BA, 6C, 6A, F8]    
2025-03-22T20:11:56.486832Z TRACE acc-0 ThreadId(08) z_serial: Received CRC F86A6CBA  Computed CRC F86A6CBA    
2025-03-22T20:11:56.486841Z TRACE acc-0 ThreadId(08) z_serial: Received header: Header(00)    
2025-03-22T20:11:57.502931Z TRACE acc-0 ThreadId(08) z_serial: Read 61 bytes COBS [01, 02, 34, 04, 25, 05, FD, 35, 14, 73, 72, 63, 2F, 73, 74, 6D, 33, 32, 2F, 7A, 65, 6E, 6F, 68, 2D, 70, 69, 63, 6F, 21, 08, 01, 17, 5B, 20, 20, 20, 31, 5D, 20, 50, 75, 62, 20, 66, 72, 6F, 6D, 20, 53, 54, 4D, 33, 32, 20, 21, 46, AE, A7, FF, 00]    
2025-03-22T20:11:57.502963Z TRACE acc-0 ThreadId(08) z_serial: Frame after COBS encoding [00, 34, 00, 25, 05, FD, 00, 14, 73, 72, 63, 2F, 73, 74, 6D, 33, 32, 2F, 7A, 65, 6E, 6F, 68, 2D, 70, 69, 63, 6F, 21, 08, 01, 17, 5B, 20, 20, 20, 31, 5D, 20, 50, 75, 62, 20, 66, 72, 6F, 6D, 20, 53, 54, 4D, 33, 32, 20, 21, 46, AE, A7, FF]    
2025-03-22T20:11:57.502982Z TRACE acc-0 ThreadId(08) z_serial: Received CRC FFA7AE46  Computed CRC FFA7AE46    
2025-03-22T20:11:57.502991Z TRACE acc-0 ThreadId(08) z_serial: Received header: Header(00)    
2025-03-22T20:11:57.529810Z TRACE acc-0 ThreadId(08) z_serial: Read 10 bytes COBS [01, 02, 01, 06, 04, BA, 6C, 6A, F8, 00]    
2025-03-22T20:11:57.529836Z TRACE acc-0 ThreadId(08) z_serial: Frame after COBS encoding [00, 01, 00, 04, BA, 6C, 6A, F8]    
2025-03-22T20:11:57.529848Z TRACE acc-0 ThreadId(08) z_serial: Received CRC F86A6CBA  Computed CRC F86A6CBA    
2025-03-22T20:11:57.529865Z TRACE acc-0 ThreadId(08) z_serial: Received header: Header(00)   